{"C:\\Users\\ljh\\Desktop\\开源项目\\react-drag-resize-growth\\src\\components\\ReactDragResize\\ReactDragResize.tsx": {"path":"C:\\Users\\ljh\\Desktop\\开源项目\\react-drag-resize-growth\\src\\components\\ReactDragResize\\ReactDragResize.tsx","statementMap":{"0":{"start":{"line":13,"column":2},"end":{"line":15,"column":4}},"1":{"start":{"line":14,"column":4},"end":{"line":14,"column":60}},"2":{"start":{"line":19,"column":2},"end":{"line":21,"column":4}},"3":{"start":{"line":20,"column":4},"end":{"line":20,"column":63}},"4":{"start":{"line":24,"column":21},"end":{"line":35,"column":1}},"5":{"start":{"line":37,"column":15},"end":{"line":37,"column":72}},"6":{"start":{"line":106,"column":50},"end":{"line":1101,"column":1}},"7":{"start":{"line":108,"column":22},"end":{"line":108,"column":30}},"8":{"start":{"line":109,"column":20},"end":{"line":109,"column":28}},"9":{"start":{"line":112,"column":23},"end":{"line":112,"column":77}},"10":{"start":{"line":113,"column":44},"end":{"line":113,"column":70}},"11":{"start":{"line":114,"column":42},"end":{"line":114,"column":68}},"12":{"start":{"line":115,"column":66},"end":{"line":127,"column":5}},"13":{"start":{"line":128,"column":44},"end":{"line":128,"column":55}},"14":{"start":{"line":129,"column":32},"end":{"line":134,"column":6}},"15":{"start":{"line":136,"column":42},"end":{"line":136,"column":60}},"16":{"start":{"line":137,"column":50},"end":{"line":137,"column":75}},"17":{"start":{"line":138,"column":44},"end":{"line":138,"column":62}},"18":{"start":{"line":139,"column":32},"end":{"line":139,"column":46}},"19":{"start":{"line":140,"column":62},"end":{"line":140,"column":80}},"20":{"start":{"line":141,"column":62},"end":{"line":141,"column":80}},"21":{"start":{"line":142,"column":38},"end":{"line":142,"column":56}},"22":{"start":{"line":143,"column":35},"end":{"line":143,"column":53}},"23":{"start":{"line":144,"column":41},"end":{"line":144,"column":59}},"24":{"start":{"line":145,"column":44},"end":{"line":145,"column":62}},"25":{"start":{"line":148,"column":6},"end":{"line":148,"column":47}},"26":{"start":{"line":150,"column":24},"end":{"line":165,"column":5}},"27":{"start":{"line":152,"column":6},"end":{"line":154,"column":7}},"28":{"start":{"line":153,"column":8},"end":{"line":153,"column":14}},"29":{"start":{"line":156,"column":6},"end":{"line":160,"column":7}},"30":{"start":{"line":157,"column":8},"end":{"line":159,"column":9}},"31":{"start":{"line":158,"column":10},"end":{"line":158,"column":16}},"32":{"start":{"line":161,"column":6},"end":{"line":161,"column":17}},"33":{"start":{"line":162,"column":6},"end":{"line":162,"column":19}},"34":{"start":{"line":163,"column":6},"end":{"line":163,"column":21}},"35":{"start":{"line":164,"column":6},"end":{"line":164,"column":23}},"36":{"start":{"line":167,"column":33},"end":{"line":180,"column":5}},"37":{"start":{"line":168,"column":36},"end":{"line":168,"column":57}},"38":{"start":{"line":169,"column":6},"end":{"line":178,"column":7}},"39":{"start":{"line":170,"column":8},"end":{"line":175,"column":10}},"40":{"start":{"line":176,"column":8},"end":{"line":176,"column":24}},"41":{"start":{"line":177,"column":8},"end":{"line":177,"column":36}},"42":{"start":{"line":179,"column":6},"end":{"line":179,"column":31}},"43":{"start":{"line":182,"column":4},"end":{"line":202,"column":7}},"44":{"start":{"line":182,"column":36},"end":{"line":202,"column":5}},"45":{"start":{"line":185,"column":29},"end":{"line":185,"column":52}},"46":{"start":{"line":186,"column":23},"end":{"line":186,"column":57}},"47":{"start":{"line":187,"column":8},"end":{"line":187,"column":21}},"48":{"start":{"line":190,"column":8},"end":{"line":192,"column":9}},"49":{"start":{"line":191,"column":10},"end":{"line":191,"column":36}},"50":{"start":{"line":193,"column":25},"end":{"line":193,"column":48}},"51":{"start":{"line":194,"column":23},"end":{"line":194,"column":53}},"52":{"start":{"line":195,"column":8},"end":{"line":195,"column":21}},"53":{"start":{"line":198,"column":23},"end":{"line":198,"column":49}},"54":{"start":{"line":199,"column":8},"end":{"line":199,"column":21}},"55":{"start":{"line":204,"column":30},"end":{"line":207,"column":6}},"56":{"start":{"line":209,"column":35},"end":{"line":209,"column":69}},"57":{"start":{"line":214,"column":4},"end":{"line":240,"column":6}},"58":{"start":{"line":220,"column":8},"end":{"line":238,"column":11}},"59":{"start":{"line":221,"column":85},"end":{"line":231,"column":14}},"60":{"start":{"line":232,"column":12},"end":{"line":237,"column":14}},"61":{"start":{"line":243,"column":4},"end":{"line":252,"column":6}},"62":{"start":{"line":244,"column":6},"end":{"line":246,"column":7}},"63":{"start":{"line":245,"column":8},"end":{"line":245,"column":14}},"64":{"start":{"line":247,"column":20},"end":{"line":247,"column":24}},"65":{"start":{"line":248,"column":20},"end":{"line":248,"column":35}},"66":{"start":{"line":249,"column":6},"end":{"line":249,"column":71}},"67":{"start":{"line":250,"column":6},"end":{"line":250,"column":35}},"68":{"start":{"line":251,"column":6},"end":{"line":251,"column":15}},"69":{"start":{"line":253,"column":4},"end":{"line":262,"column":6}},"70":{"start":{"line":254,"column":6},"end":{"line":256,"column":7}},"71":{"start":{"line":255,"column":8},"end":{"line":255,"column":14}},"72":{"start":{"line":257,"column":20},"end":{"line":257,"column":24}},"73":{"start":{"line":258,"column":20},"end":{"line":258,"column":35}},"74":{"start":{"line":259,"column":6},"end":{"line":259,"column":72}},"75":{"start":{"line":260,"column":6},"end":{"line":260,"column":35}},"76":{"start":{"line":261,"column":6},"end":{"line":261,"column":15}},"77":{"start":{"line":263,"column":4},"end":{"line":271,"column":6}},"78":{"start":{"line":264,"column":6},"end":{"line":266,"column":7}},"79":{"start":{"line":265,"column":8},"end":{"line":265,"column":14}},"80":{"start":{"line":267,"column":20},"end":{"line":267,"column":35}},"81":{"start":{"line":268,"column":6},"end":{"line":268,"column":43}},"82":{"start":{"line":269,"column":6},"end":{"line":269,"column":34}},"83":{"start":{"line":270,"column":6},"end":{"line":270,"column":14}},"84":{"start":{"line":272,"column":4},"end":{"line":280,"column":6}},"85":{"start":{"line":273,"column":6},"end":{"line":275,"column":7}},"86":{"start":{"line":274,"column":8},"end":{"line":274,"column":14}},"87":{"start":{"line":276,"column":20},"end":{"line":276,"column":35}},"88":{"start":{"line":277,"column":6},"end":{"line":277,"column":43}},"89":{"start":{"line":278,"column":6},"end":{"line":278,"column":34}},"90":{"start":{"line":279,"column":6},"end":{"line":279,"column":14}},"91":{"start":{"line":281,"column":4},"end":{"line":289,"column":5}},"92":{"start":{"line":284,"column":8},"end":{"line":286,"column":9}},"93":{"start":{"line":285,"column":10},"end":{"line":285,"column":27}},"94":{"start":{"line":290,"column":4},"end":{"line":299,"column":5}},"95":{"start":{"line":293,"column":8},"end":{"line":296,"column":9}},"96":{"start":{"line":295,"column":10},"end":{"line":295,"column":27}},"97":{"start":{"line":300,"column":4},"end":{"line":303,"column":6}},"98":{"start":{"line":301,"column":6},"end":{"line":301,"column":37}},"99":{"start":{"line":302,"column":6},"end":{"line":302,"column":28}},"100":{"start":{"line":304,"column":4},"end":{"line":307,"column":6}},"101":{"start":{"line":305,"column":6},"end":{"line":305,"column":38}},"102":{"start":{"line":306,"column":6},"end":{"line":306,"column":29}},"103":{"start":{"line":310,"column":4},"end":{"line":332,"column":10}},"104":{"start":{"line":311,"column":28},"end":{"line":311,"column":54}},"105":{"start":{"line":312,"column":29},"end":{"line":312,"column":86}},"106":{"start":{"line":313,"column":30},"end":{"line":313,"column":88}},"107":{"start":{"line":314,"column":22},"end":{"line":314,"column":29}},"108":{"start":{"line":315,"column":21},"end":{"line":315,"column":28}},"109":{"start":{"line":316,"column":6},"end":{"line":316,"column":36}},"110":{"start":{"line":317,"column":6},"end":{"line":317,"column":38}},"111":{"start":{"line":318,"column":6},"end":{"line":318,"column":22}},"112":{"start":{"line":319,"column":6},"end":{"line":319,"column":20}},"113":{"start":{"line":320,"column":6},"end":{"line":320,"column":101}},"114":{"start":{"line":321,"column":6},"end":{"line":321,"column":103}},"115":{"start":{"line":322,"column":6},"end":{"line":326,"column":7}},"116":{"start":{"line":323,"column":9},"end":{"line":325,"column":10}},"117":{"start":{"line":324,"column":10},"end":{"line":324,"column":59}},"118":{"start":{"line":327,"column":6},"end":{"line":331,"column":7}},"119":{"start":{"line":328,"column":9},"end":{"line":330,"column":10}},"120":{"start":{"line":329,"column":10},"end":{"line":329,"column":61}},"121":{"start":{"line":335,"column":4},"end":{"line":353,"column":10}},"122":{"start":{"line":336,"column":6},"end":{"line":349,"column":8}},"123":{"start":{"line":341,"column":10},"end":{"line":346,"column":11}},"124":{"start":{"line":350,"column":6},"end":{"line":352,"column":7}},"125":{"start":{"line":351,"column":8},"end":{"line":351,"column":66}},"126":{"start":{"line":356,"column":4},"end":{"line":371,"column":28}},"127":{"start":{"line":357,"column":24},"end":{"line":366,"column":8}},"128":{"start":{"line":367,"column":6},"end":{"line":367,"column":26}},"129":{"start":{"line":368,"column":6},"end":{"line":370,"column":7}},"130":{"start":{"line":369,"column":8},"end":{"line":369,"column":31}},"131":{"start":{"line":373,"column":21},"end":{"line":385,"column":5}},"132":{"start":{"line":375,"column":58},"end":{"line":375,"column":63}},"133":{"start":{"line":376,"column":55},"end":{"line":379,"column":9}},"134":{"start":{"line":380,"column":8},"end":{"line":380,"column":138}},"135":{"start":{"line":381,"column":8},"end":{"line":381,"column":138}},"136":{"start":{"line":382,"column":8},"end":{"line":382,"column":25}},"137":{"start":{"line":387,"column":26},"end":{"line":394,"column":5}},"138":{"start":{"line":388,"column":13},"end":{"line":392,"column":7}},"139":{"start":{"line":396,"column":18},"end":{"line":396,"column":87}},"140":{"start":{"line":396,"column":32},"end":{"line":396,"column":58}},"141":{"start":{"line":398,"column":19},"end":{"line":398,"column":89}},"142":{"start":{"line":398,"column":33},"end":{"line":398,"column":60}},"143":{"start":{"line":400,"column":22},"end":{"line":406,"column":5}},"144":{"start":{"line":401,"column":13},"end":{"line":404,"column":7}},"145":{"start":{"line":410,"column":6},"end":{"line":412,"column":7}},"146":{"start":{"line":411,"column":8},"end":{"line":411,"column":52}},"147":{"start":{"line":413,"column":6},"end":{"line":413,"column":31}},"148":{"start":{"line":417,"column":6},"end":{"line":419,"column":7}},"149":{"start":{"line":418,"column":8},"end":{"line":418,"column":30}},"150":{"start":{"line":423,"column":22},"end":{"line":423,"column":42}},"151":{"start":{"line":424,"column":21},"end":{"line":424,"column":41}},"152":{"start":{"line":425,"column":22},"end":{"line":425,"column":42}},"153":{"start":{"line":426,"column":21},"end":{"line":426,"column":41}},"154":{"start":{"line":429,"column":6},"end":{"line":447,"column":7}},"155":{"start":{"line":430,"column":8},"end":{"line":434,"column":9}},"156":{"start":{"line":431,"column":10},"end":{"line":431,"column":45}},"157":{"start":{"line":433,"column":10},"end":{"line":433,"column":45}},"158":{"start":{"line":436,"column":8},"end":{"line":446,"column":9}},"159":{"start":{"line":437,"column":10},"end":{"line":443,"column":11}},"160":{"start":{"line":438,"column":12},"end":{"line":438,"column":47}},"161":{"start":{"line":439,"column":17},"end":{"line":443,"column":11}},"162":{"start":{"line":440,"column":12},"end":{"line":440,"column":47}},"163":{"start":{"line":442,"column":12},"end":{"line":442,"column":47}},"164":{"start":{"line":444,"column":15},"end":{"line":446,"column":9}},"165":{"start":{"line":445,"column":10},"end":{"line":445,"column":45}},"166":{"start":{"line":449,"column":20},"end":{"line":449,"column":21}},"167":{"start":{"line":450,"column":21},"end":{"line":450,"column":22}},"168":{"start":{"line":451,"column":19},"end":{"line":451,"column":20}},"169":{"start":{"line":452,"column":22},"end":{"line":452,"column":23}},"170":{"start":{"line":454,"column":6},"end":{"line":457,"column":7}},"171":{"start":{"line":455,"column":8},"end":{"line":455,"column":43}},"172":{"start":{"line":456,"column":8},"end":{"line":456,"column":45}},"173":{"start":{"line":458,"column":6},"end":{"line":461,"column":7}},"174":{"start":{"line":459,"column":8},"end":{"line":459,"column":43}},"175":{"start":{"line":460,"column":8},"end":{"line":460,"column":49}},"176":{"start":{"line":464,"column":6},"end":{"line":469,"column":7}},"177":{"start":{"line":465,"column":8},"end":{"line":465,"column":43}},"178":{"start":{"line":466,"column":8},"end":{"line":466,"column":46}},"179":{"start":{"line":467,"column":8},"end":{"line":467,"column":40}},"180":{"start":{"line":468,"column":8},"end":{"line":468,"column":49}},"181":{"start":{"line":472,"column":21},"end":{"line":477,"column":7}},"182":{"start":{"line":480,"column":6},"end":{"line":519,"column":7}},"183":{"start":{"line":482,"column":29},"end":{"line":499,"column":9}},"184":{"start":{"line":500,"column":8},"end":{"line":518,"column":9}},"185":{"start":{"line":501,"column":10},"end":{"line":504,"column":11}},"186":{"start":{"line":505,"column":10},"end":{"line":508,"column":11}},"187":{"start":{"line":509,"column":15},"end":{"line":518,"column":9}},"188":{"start":{"line":510,"column":10},"end":{"line":513,"column":11}},"189":{"start":{"line":514,"column":10},"end":{"line":517,"column":11}},"190":{"start":{"line":520,"column":6},"end":{"line":520,"column":19}},"191":{"start":{"line":525,"column":6},"end":{"line":527,"column":7}},"192":{"start":{"line":526,"column":8},"end":{"line":526,"column":28}},"193":{"start":{"line":529,"column":6},"end":{"line":531,"column":7}},"194":{"start":{"line":530,"column":8},"end":{"line":530,"column":27}},"195":{"start":{"line":534,"column":6},"end":{"line":536,"column":7}},"196":{"start":{"line":535,"column":8},"end":{"line":535,"column":14}},"197":{"start":{"line":539,"column":6},"end":{"line":539,"column":24}},"198":{"start":{"line":541,"column":6},"end":{"line":541,"column":26}},"199":{"start":{"line":544,"column":23},"end":{"line":544,"column":87}},"200":{"start":{"line":545,"column":23},"end":{"line":545,"column":87}},"201":{"start":{"line":548,"column":6},"end":{"line":548,"column":54}},"202":{"start":{"line":551,"column":6},"end":{"line":551,"column":28}},"203":{"start":{"line":554,"column":6},"end":{"line":554,"column":35}},"204":{"start":{"line":558,"column":33},"end":{"line":558,"column":35}},"205":{"start":{"line":561,"column":6},"end":{"line":563,"column":7}},"206":{"start":{"line":562,"column":8},"end":{"line":562,"column":14}},"207":{"start":{"line":566,"column":6},"end":{"line":568,"column":7}},"208":{"start":{"line":567,"column":8},"end":{"line":567,"column":56}},"209":{"start":{"line":570,"column":6},"end":{"line":582,"column":7}},"210":{"start":{"line":572,"column":39},"end":{"line":572,"column":89}},"211":{"start":{"line":573,"column":8},"end":{"line":577,"column":10}},"212":{"start":{"line":574,"column":10},"end":{"line":576,"column":11}},"213":{"start":{"line":575,"column":12},"end":{"line":575,"column":56}},"214":{"start":{"line":578,"column":8},"end":{"line":578,"column":23}},"215":{"start":{"line":581,"column":8},"end":{"line":581,"column":32}},"216":{"start":{"line":584,"column":6},"end":{"line":584,"column":26}},"217":{"start":{"line":587,"column":6},"end":{"line":589,"column":7}},"218":{"start":{"line":588,"column":8},"end":{"line":588,"column":14}},"219":{"start":{"line":592,"column":6},"end":{"line":594,"column":7}},"220":{"start":{"line":593,"column":8},"end":{"line":593,"column":14}},"221":{"start":{"line":597,"column":6},"end":{"line":599,"column":7}},"222":{"start":{"line":598,"column":8},"end":{"line":598,"column":28}},"223":{"start":{"line":602,"column":6},"end":{"line":604,"column":7}},"224":{"start":{"line":603,"column":8},"end":{"line":603,"column":25}},"225":{"start":{"line":607,"column":23},"end":{"line":607,"column":87}},"226":{"start":{"line":608,"column":23},"end":{"line":608,"column":87}},"227":{"start":{"line":611,"column":6},"end":{"line":611,"column":54}},"228":{"start":{"line":614,"column":6},"end":{"line":616,"column":7}},"229":{"start":{"line":615,"column":8},"end":{"line":615,"column":39}},"230":{"start":{"line":621,"column":6},"end":{"line":626,"column":7}},"231":{"start":{"line":631,"column":6},"end":{"line":633,"column":7}},"232":{"start":{"line":632,"column":8},"end":{"line":632,"column":14}},"233":{"start":{"line":636,"column":6},"end":{"line":636,"column":26}},"234":{"start":{"line":639,"column":20},"end":{"line":639,"column":84}},"235":{"start":{"line":640,"column":20},"end":{"line":640,"column":84}},"236":{"start":{"line":643,"column":20},"end":{"line":646,"column":7}},"237":{"start":{"line":649,"column":6},"end":{"line":651,"column":7}},"238":{"start":{"line":650,"column":8},"end":{"line":650,"column":24}},"239":{"start":{"line":654,"column":6},"end":{"line":664,"column":7}},"240":{"start":{"line":656,"column":8},"end":{"line":662,"column":9}},"241":{"start":{"line":657,"column":10},"end":{"line":657,"column":21}},"242":{"start":{"line":658,"column":15},"end":{"line":662,"column":9}},"243":{"start":{"line":659,"column":10},"end":{"line":659,"column":21}},"244":{"start":{"line":660,"column":15},"end":{"line":662,"column":9}},"245":{"start":{"line":661,"column":10},"end":{"line":661,"column":16}},"246":{"start":{"line":663,"column":8},"end":{"line":663,"column":23}},"247":{"start":{"line":668,"column":43},"end":{"line":668,"column":48}},"248":{"start":{"line":670,"column":19},"end":{"line":670,"column":55}},"249":{"start":{"line":671,"column":22},"end":{"line":671,"column":61}},"250":{"start":{"line":672,"column":20},"end":{"line":672,"column":57}},"251":{"start":{"line":673,"column":21},"end":{"line":673,"column":59}},"252":{"start":{"line":674,"column":6},"end":{"line":694,"column":7}},"253":{"start":{"line":676,"column":10},"end":{"line":676,"column":71}},"254":{"start":{"line":678,"column":10},"end":{"line":680,"column":11}},"255":{"start":{"line":679,"column":12},"end":{"line":679,"column":93}},"256":{"start":{"line":682,"column":10},"end":{"line":682,"column":15}},"257":{"start":{"line":685,"column":10},"end":{"line":685,"column":65}},"258":{"start":{"line":687,"column":10},"end":{"line":689,"column":11}},"259":{"start":{"line":688,"column":12},"end":{"line":688,"column":55}},"260":{"start":{"line":691,"column":10},"end":{"line":691,"column":15}},"261":{"start":{"line":693,"column":10},"end":{"line":693,"column":15}},"262":{"start":{"line":696,"column":6},"end":{"line":716,"column":7}},"263":{"start":{"line":698,"column":10},"end":{"line":698,"column":69}},"264":{"start":{"line":700,"column":10},"end":{"line":702,"column":11}},"265":{"start":{"line":701,"column":12},"end":{"line":701,"column":89}},"266":{"start":{"line":704,"column":10},"end":{"line":704,"column":15}},"267":{"start":{"line":707,"column":10},"end":{"line":707,"column":67}},"268":{"start":{"line":709,"column":10},"end":{"line":711,"column":11}},"269":{"start":{"line":710,"column":12},"end":{"line":710,"column":57}},"270":{"start":{"line":713,"column":10},"end":{"line":713,"column":15}},"271":{"start":{"line":715,"column":10},"end":{"line":715,"column":15}},"272":{"start":{"line":719,"column":7},"end":{"line":724,"column":9}},"273":{"start":{"line":727,"column":6},"end":{"line":734,"column":7}},"274":{"start":{"line":728,"column":9},"end":{"line":733,"column":11}},"275":{"start":{"line":737,"column":6},"end":{"line":737,"column":22}},"276":{"start":{"line":738,"column":6},"end":{"line":738,"column":24}},"277":{"start":{"line":739,"column":6},"end":{"line":739,"column":20}},"278":{"start":{"line":740,"column":6},"end":{"line":740,"column":26}},"279":{"start":{"line":743,"column":6},"end":{"line":754,"column":7}},"280":{"start":{"line":744,"column":8},"end":{"line":753,"column":10}},"281":{"start":{"line":758,"column":53},"end":{"line":758,"column":57}},"282":{"start":{"line":760,"column":21},"end":{"line":760,"column":53}},"283":{"start":{"line":761,"column":22},"end":{"line":761,"column":55}},"284":{"start":{"line":763,"column":6},"end":{"line":789,"column":7}},"285":{"start":{"line":764,"column":28},"end":{"line":764,"column":79}},"286":{"start":{"line":766,"column":8},"end":{"line":766,"column":51}},"287":{"start":{"line":767,"column":8},"end":{"line":767,"column":52}},"288":{"start":{"line":768,"column":13},"end":{"line":789,"column":7}},"289":{"start":{"line":769,"column":27},"end":{"line":769,"column":76}},"290":{"start":{"line":771,"column":8},"end":{"line":771,"column":47}},"291":{"start":{"line":772,"column":8},"end":{"line":772,"column":50}},"292":{"start":{"line":773,"column":13},"end":{"line":789,"column":7}},"293":{"start":{"line":774,"column":8},"end":{"line":774,"column":43}},"294":{"start":{"line":776,"column":8},"end":{"line":780,"column":9}},"295":{"start":{"line":777,"column":10},"end":{"line":777,"column":53}},"296":{"start":{"line":779,"column":10},"end":{"line":779,"column":53}},"297":{"start":{"line":782,"column":8},"end":{"line":782,"column":43}},"298":{"start":{"line":784,"column":8},"end":{"line":788,"column":9}},"299":{"start":{"line":785,"column":10},"end":{"line":785,"column":55}},"300":{"start":{"line":787,"column":10},"end":{"line":787,"column":55}},"301":{"start":{"line":791,"column":6},"end":{"line":796,"column":7}},"302":{"start":{"line":800,"column":43},"end":{"line":800,"column":48}},"303":{"start":{"line":801,"column":19},"end":{"line":801,"column":65}},"304":{"start":{"line":802,"column":22},"end":{"line":802,"column":71}},"305":{"start":{"line":803,"column":20},"end":{"line":803,"column":67}},"306":{"start":{"line":804,"column":21},"end":{"line":804,"column":69}},"307":{"start":{"line":807,"column":6},"end":{"line":842,"column":7}},"308":{"start":{"line":808,"column":23},"end":{"line":808,"column":27}},"309":{"start":{"line":809,"column":24},"end":{"line":809,"column":28}},"310":{"start":{"line":812,"column":20},"end":{"line":812,"column":63}},"311":{"start":{"line":813,"column":20},"end":{"line":813,"column":101}},"312":{"start":{"line":814,"column":20},"end":{"line":814,"column":65}},"313":{"start":{"line":815,"column":20},"end":{"line":815,"column":97}},"314":{"start":{"line":817,"column":8},"end":{"line":819,"column":9}},"315":{"start":{"line":818,"column":10},"end":{"line":818,"column":24}},"316":{"start":{"line":820,"column":8},"end":{"line":822,"column":9}},"317":{"start":{"line":821,"column":10},"end":{"line":821,"column":24}},"318":{"start":{"line":823,"column":8},"end":{"line":825,"column":9}},"319":{"start":{"line":824,"column":10},"end":{"line":824,"column":24}},"320":{"start":{"line":826,"column":8},"end":{"line":828,"column":9}},"321":{"start":{"line":827,"column":10},"end":{"line":827,"column":24}},"322":{"start":{"line":831,"column":8},"end":{"line":833,"column":9}},"323":{"start":{"line":832,"column":10},"end":{"line":832,"column":26}},"324":{"start":{"line":834,"column":8},"end":{"line":836,"column":9}},"325":{"start":{"line":835,"column":10},"end":{"line":835,"column":27}},"326":{"start":{"line":838,"column":8},"end":{"line":838,"column":42}},"327":{"start":{"line":839,"column":8},"end":{"line":839,"column":50}},"328":{"start":{"line":840,"column":8},"end":{"line":840,"column":44}},"329":{"start":{"line":841,"column":8},"end":{"line":841,"column":48}},"330":{"start":{"line":845,"column":7},"end":{"line":850,"column":9}},"331":{"start":{"line":851,"column":6},"end":{"line":851,"column":22}},"332":{"start":{"line":852,"column":6},"end":{"line":852,"column":24}},"333":{"start":{"line":853,"column":6},"end":{"line":853,"column":20}},"334":{"start":{"line":854,"column":6},"end":{"line":854,"column":26}},"335":{"start":{"line":856,"column":6},"end":{"line":867,"column":7}},"336":{"start":{"line":857,"column":8},"end":{"line":866,"column":10}},"337":{"start":{"line":871,"column":53},"end":{"line":871,"column":57}},"338":{"start":{"line":873,"column":6},"end":{"line":873,"column":59}},"339":{"start":{"line":874,"column":6},"end":{"line":874,"column":62}},"340":{"start":{"line":875,"column":6},"end":{"line":875,"column":56}},"341":{"start":{"line":876,"column":6},"end":{"line":876,"column":65}},"342":{"start":{"line":878,"column":6},"end":{"line":883,"column":7}},"343":{"start":{"line":887,"column":18},"end":{"line":887,"column":25}},"344":{"start":{"line":889,"column":6},"end":{"line":893,"column":7}},"345":{"start":{"line":890,"column":8},"end":{"line":890,"column":25}},"346":{"start":{"line":891,"column":13},"end":{"line":893,"column":7}},"347":{"start":{"line":892,"column":8},"end":{"line":892,"column":25}},"348":{"start":{"line":895,"column":6},"end":{"line":895,"column":18}},"349":{"start":{"line":899,"column":6},"end":{"line":933,"column":7}},"350":{"start":{"line":901,"column":31},"end":{"line":906,"column":10}},"351":{"start":{"line":908,"column":8},"end":{"line":927,"column":9}},"352":{"start":{"line":909,"column":10},"end":{"line":914,"column":12}},"353":{"start":{"line":917,"column":10},"end":{"line":922,"column":12}},"354":{"start":{"line":924,"column":10},"end":{"line":926,"column":12}},"355":{"start":{"line":928,"column":8},"end":{"line":932,"column":9}},"356":{"start":{"line":929,"column":10},"end":{"line":929,"column":21}},"357":{"start":{"line":930,"column":15},"end":{"line":932,"column":9}},"358":{"start":{"line":931,"column":10},"end":{"line":931,"column":20}},"359":{"start":{"line":937,"column":6},"end":{"line":937,"column":25}},"360":{"start":{"line":938,"column":6},"end":{"line":938,"column":27}},"361":{"start":{"line":939,"column":6},"end":{"line":950,"column":7}},"362":{"start":{"line":940,"column":8},"end":{"line":949,"column":10}},"363":{"start":{"line":951,"column":6},"end":{"line":962,"column":7}},"364":{"start":{"line":952,"column":8},"end":{"line":961,"column":10}},"365":{"start":{"line":963,"column":6},"end":{"line":972,"column":8}},"366":{"start":{"line":973,"column":6},"end":{"line":978,"column":8}},"367":{"start":{"line":983,"column":6},"end":{"line":983,"column":24}},"368":{"start":{"line":984,"column":6},"end":{"line":984,"column":27}},"369":{"start":{"line":986,"column":6},"end":{"line":997,"column":7}},"370":{"start":{"line":987,"column":8},"end":{"line":996,"column":10}},"371":{"start":{"line":998,"column":6},"end":{"line":1009,"column":7}},"372":{"start":{"line":999,"column":8},"end":{"line":1008,"column":10}},"373":{"start":{"line":1012,"column":6},"end":{"line":1021,"column":8}},"374":{"start":{"line":1024,"column":6},"end":{"line":1029,"column":8}},"375":{"start":{"line":1033,"column":6},"end":{"line":1042,"column":8}},"376":{"start":{"line":1043,"column":6},"end":{"line":1043,"column":37}},"377":{"start":{"line":1046,"column":4},"end":{"line":1099,"column":5}},"378":{"start":{"line":1057,"column":10},"end":{"line":1057,"column":22}},"379":{"start":{"line":1060,"column":10},"end":{"line":1060,"column":22}},"380":{"start":{"line":1063,"column":10},"end":{"line":1063,"column":16}},"381":{"start":{"line":1072,"column":34},"end":{"line":1072,"column":82}},"382":{"start":{"line":1073,"column":12},"end":{"line":1075,"column":13}},"383":{"start":{"line":1074,"column":14},"end":{"line":1074,"column":25}},"384":{"start":{"line":1076,"column":12},"end":{"line":1076,"column":24}},"385":{"start":{"line":1079,"column":12},"end":{"line":1096,"column":18}},"386":{"start":{"line":1088,"column":16},"end":{"line":1088,"column":39}},"387":{"start":{"line":1091,"column":16},"end":{"line":1091,"column":39}},"388":{"start":{"line":1173,"column":0},"end":{"line":1215,"column":1}},"389":{"start":{"line":1217,"column":0},"end":{"line":1217,"column":44}}},"fnMap":{"0":{"name":"addEvents","decl":{"start":{"line":12,"column":9},"end":{"line":12,"column":18}},"loc":{"start":{"line":12,"column":60},"end":{"line":16,"column":1}},"line":12},"1":{"name":"(anonymous_1)","decl":{"start":{"line":13,"column":17},"end":{"line":13,"column":18}},"loc":{"start":{"line":13,"column":36},"end":{"line":15,"column":3}},"line":13},"2":{"name":"removeEvents","decl":{"start":{"line":18,"column":9},"end":{"line":18,"column":21}},"loc":{"start":{"line":18,"column":63},"end":{"line":22,"column":1}},"line":18},"3":{"name":"(anonymous_3)","decl":{"start":{"line":19,"column":17},"end":{"line":19,"column":18}},"loc":{"start":{"line":19,"column":36},"end":{"line":21,"column":3}},"line":19},"4":{"name":"(anonymous_4)","decl":{"start":{"line":107,"column":13},"end":{"line":107,"column":14}},"loc":{"start":{"line":107,"column":29},"end":{"line":1100,"column":3}},"line":107},"5":{"name":"(anonymous_5)","decl":{"start":{"line":150,"column":24},"end":{"line":150,"column":25}},"loc":{"start":{"line":150,"column":120},"end":{"line":165,"column":5}},"line":150},"6":{"name":"(anonymous_6)","decl":{"start":{"line":167,"column":33},"end":{"line":167,"column":34}},"loc":{"start":{"line":167,"column":51},"end":{"line":180,"column":5}},"line":167},"7":{"name":"(anonymous_7)","decl":{"start":{"line":182,"column":29},"end":{"line":182,"column":30}},"loc":{"start":{"line":182,"column":36},"end":{"line":202,"column":5}},"line":182},"8":{"name":"(anonymous_8)","decl":{"start":{"line":184,"column":6},"end":{"line":184,"column":7}},"loc":{"start":{"line":184,"column":31},"end":{"line":188,"column":7}},"line":184},"9":{"name":"(anonymous_9)","decl":{"start":{"line":189,"column":6},"end":{"line":189,"column":7}},"loc":{"start":{"line":189,"column":27},"end":{"line":196,"column":7}},"line":189},"10":{"name":"(anonymous_10)","decl":{"start":{"line":197,"column":6},"end":{"line":197,"column":7}},"loc":{"start":{"line":197,"column":37},"end":{"line":200,"column":7}},"line":197},"11":{"name":"(anonymous_11)","decl":{"start":{"line":219,"column":30},"end":{"line":219,"column":31}},"loc":{"start":{"line":219,"column":79},"end":{"line":239,"column":9}},"line":219},"12":{"name":"(anonymous_12)","decl":{"start":{"line":243,"column":22},"end":{"line":243,"column":23}},"loc":{"start":{"line":243,"column":58},"end":{"line":252,"column":5}},"line":243},"13":{"name":"(anonymous_13)","decl":{"start":{"line":253,"column":22},"end":{"line":253,"column":23}},"loc":{"start":{"line":253,"column":58},"end":{"line":262,"column":5}},"line":253},"14":{"name":"(anonymous_14)","decl":{"start":{"line":263,"column":22},"end":{"line":263,"column":23}},"loc":{"start":{"line":263,"column":58},"end":{"line":271,"column":5}},"line":263},"15":{"name":"(anonymous_15)","decl":{"start":{"line":272,"column":22},"end":{"line":272,"column":23}},"loc":{"start":{"line":272,"column":58},"end":{"line":280,"column":5}},"line":272},"16":{"name":"(anonymous_16)","decl":{"start":{"line":283,"column":6},"end":{"line":283,"column":7}},"loc":{"start":{"line":283,"column":18},"end":{"line":287,"column":7}},"line":283},"17":{"name":"(anonymous_17)","decl":{"start":{"line":292,"column":6},"end":{"line":292,"column":7}},"loc":{"start":{"line":292,"column":18},"end":{"line":297,"column":7}},"line":292},"18":{"name":"(anonymous_18)","decl":{"start":{"line":300,"column":28},"end":{"line":300,"column":29}},"loc":{"start":{"line":300,"column":48},"end":{"line":303,"column":5}},"line":300},"19":{"name":"(anonymous_19)","decl":{"start":{"line":304,"column":28},"end":{"line":304,"column":29}},"loc":{"start":{"line":304,"column":48},"end":{"line":307,"column":5}},"line":304},"20":{"name":"(anonymous_20)","decl":{"start":{"line":310,"column":14},"end":{"line":310,"column":15}},"loc":{"start":{"line":310,"column":20},"end":{"line":332,"column":5}},"line":310},"21":{"name":"(anonymous_21)","decl":{"start":{"line":323,"column":71},"end":{"line":323,"column":72}},"loc":{"start":{"line":323,"column":87},"end":{"line":325,"column":9}},"line":323},"22":{"name":"(anonymous_22)","decl":{"start":{"line":328,"column":71},"end":{"line":328,"column":72}},"loc":{"start":{"line":328,"column":89},"end":{"line":330,"column":9}},"line":328},"23":{"name":"(anonymous_23)","decl":{"start":{"line":335,"column":14},"end":{"line":335,"column":15}},"loc":{"start":{"line":335,"column":20},"end":{"line":353,"column":5}},"line":335},"24":{"name":"(anonymous_24)","decl":{"start":{"line":340,"column":24},"end":{"line":340,"column":25}},"loc":{"start":{"line":340,"column":30},"end":{"line":347,"column":9}},"line":340},"25":{"name":"(anonymous_25)","decl":{"start":{"line":350,"column":13},"end":{"line":350,"column":14}},"loc":{"start":{"line":350,"column":19},"end":{"line":352,"column":7}},"line":350},"26":{"name":"(anonymous_26)","decl":{"start":{"line":356,"column":14},"end":{"line":356,"column":15}},"loc":{"start":{"line":356,"column":20},"end":{"line":371,"column":5}},"line":356},"27":{"name":"(anonymous_27)","decl":{"start":{"line":368,"column":13},"end":{"line":368,"column":14}},"loc":{"start":{"line":368,"column":19},"end":{"line":370,"column":7}},"line":368},"28":{"name":"(anonymous_28)","decl":{"start":{"line":374,"column":6},"end":{"line":374,"column":7}},"loc":{"start":{"line":374,"column":25},"end":{"line":383,"column":7}},"line":374},"29":{"name":"(anonymous_29)","decl":{"start":{"line":388,"column":6},"end":{"line":388,"column":7}},"loc":{"start":{"line":388,"column":13},"end":{"line":392,"column":7}},"line":388},"30":{"name":"(anonymous_30)","decl":{"start":{"line":396,"column":26},"end":{"line":396,"column":27}},"loc":{"start":{"line":396,"column":32},"end":{"line":396,"column":58}},"line":396},"31":{"name":"(anonymous_31)","decl":{"start":{"line":398,"column":27},"end":{"line":398,"column":28}},"loc":{"start":{"line":398,"column":33},"end":{"line":398,"column":60}},"line":398},"32":{"name":"(anonymous_32)","decl":{"start":{"line":401,"column":6},"end":{"line":401,"column":7}},"loc":{"start":{"line":401,"column":13},"end":{"line":404,"column":7}},"line":401},"33":{"name":"deselect","decl":{"start":{"line":409,"column":13},"end":{"line":409,"column":21}},"loc":{"start":{"line":409,"column":38},"end":{"line":414,"column":5}},"line":409},"34":{"name":"changeActiveHandel","decl":{"start":{"line":416,"column":13},"end":{"line":416,"column":31}},"loc":{"start":{"line":416,"column":55},"end":{"line":420,"column":5}},"line":416},"35":{"name":"calcResizeLimits","decl":{"start":{"line":422,"column":13},"end":{"line":422,"column":29}},"loc":{"start":{"line":422,"column":33},"end":{"line":521,"column":5}},"line":422},"36":{"name":"stickDown","decl":{"start":{"line":523,"column":13},"end":{"line":523,"column":22}},"loc":{"start":{"line":523,"column":69},"end":{"line":555,"column":5}},"line":523},"37":{"name":"bodyDown","decl":{"start":{"line":557,"column":13},"end":{"line":557,"column":21}},"loc":{"start":{"line":557,"column":27},"end":{"line":617,"column":5}},"line":557},"38":{"name":"(anonymous_38)","decl":{"start":{"line":573,"column":52},"end":{"line":573,"column":53}},"loc":{"start":{"line":573,"column":59},"end":{"line":577,"column":9}},"line":573},"39":{"name":"calcDragLimitation","decl":{"start":{"line":620,"column":13},"end":{"line":620,"column":31}},"loc":{"start":{"line":620,"column":35},"end":{"line":627,"column":5}},"line":620},"40":{"name":"move","decl":{"start":{"line":629,"column":13},"end":{"line":629,"column":17}},"loc":{"start":{"line":629,"column":23},"end":{"line":665,"column":5}},"line":629},"41":{"name":"stickMove","decl":{"start":{"line":667,"column":13},"end":{"line":667,"column":22}},"loc":{"start":{"line":667,"column":31},"end":{"line":755,"column":5}},"line":667},"42":{"name":"rectCorrectionByAspectRatio","decl":{"start":{"line":757,"column":13},"end":{"line":757,"column":40}},"loc":{"start":{"line":757,"column":48},"end":{"line":797,"column":5}},"line":757},"43":{"name":"bodyMove","decl":{"start":{"line":799,"column":13},"end":{"line":799,"column":21}},"loc":{"start":{"line":799,"column":30},"end":{"line":868,"column":5}},"line":799},"44":{"name":"rectCorrectionByLimit","decl":{"start":{"line":870,"column":13},"end":{"line":870,"column":34}},"loc":{"start":{"line":870,"column":42},"end":{"line":884,"column":5}},"line":870},"45":{"name":"sideCorrectionByLimit","decl":{"start":{"line":886,"column":13},"end":{"line":886,"column":34}},"loc":{"start":{"line":886,"column":52},"end":{"line":896,"column":5}},"line":886},"46":{"name":"up","decl":{"start":{"line":898,"column":13},"end":{"line":898,"column":15}},"loc":{"start":{"line":898,"column":21},"end":{"line":934,"column":5}},"line":898},"47":{"name":"stickUp","decl":{"start":{"line":936,"column":13},"end":{"line":936,"column":20}},"loc":{"start":{"line":936,"column":24},"end":{"line":979,"column":5}},"line":936},"48":{"name":"bodyUp","decl":{"start":{"line":981,"column":13},"end":{"line":981,"column":19}},"loc":{"start":{"line":981,"column":23},"end":{"line":1030,"column":5}},"line":981},"49":{"name":"saveDimensionsBeforeMove","decl":{"start":{"line":1032,"column":13},"end":{"line":1032,"column":37}},"loc":{"start":{"line":1032,"column":63},"end":{"line":1044,"column":5}},"line":1032},"50":{"name":"(anonymous_50)","decl":{"start":{"line":1056,"column":21},"end":{"line":1056,"column":22}},"loc":{"start":{"line":1056,"column":29},"end":{"line":1058,"column":9}},"line":1056},"51":{"name":"(anonymous_51)","decl":{"start":{"line":1059,"column":22},"end":{"line":1059,"column":23}},"loc":{"start":{"line":1059,"column":30},"end":{"line":1061,"column":9}},"line":1059},"52":{"name":"(anonymous_52)","decl":{"start":{"line":1062,"column":20},"end":{"line":1062,"column":21}},"loc":{"start":{"line":1062,"column":28},"end":{"line":1064,"column":9}},"line":1062},"53":{"name":"(anonymous_53)","decl":{"start":{"line":1071,"column":18},"end":{"line":1071,"column":19}},"loc":{"start":{"line":1071,"column":29},"end":{"line":1077,"column":11}},"line":1071},"54":{"name":"(anonymous_54)","decl":{"start":{"line":1078,"column":15},"end":{"line":1078,"column":16}},"loc":{"start":{"line":1079,"column":12},"end":{"line":1096,"column":18}},"line":1079},"55":{"name":"(anonymous_55)","decl":{"start":{"line":1087,"column":27},"end":{"line":1087,"column":28}},"loc":{"start":{"line":1087,"column":38},"end":{"line":1089,"column":15}},"line":1087},"56":{"name":"(anonymous_56)","decl":{"start":{"line":1090,"column":28},"end":{"line":1090,"column":29}},"loc":{"start":{"line":1090,"column":39},"end":{"line":1092,"column":15}},"line":1090}},"branchMap":{"0":{"loc":{"start":{"line":152,"column":6},"end":{"line":154,"column":7}},"type":"if","locations":[{"start":{"line":152,"column":6},"end":{"line":154,"column":7}},{"start":{},"end":{}}],"line":152},"1":{"loc":{"start":{"line":152,"column":10},"end":{"line":152,"column":104}},"type":"binary-expr","locations":[{"start":{"line":152,"column":10},"end":{"line":152,"column":54}},{"start":{"line":152,"column":58},"end":{"line":152,"column":104}}],"line":152},"2":{"loc":{"start":{"line":156,"column":6},"end":{"line":160,"column":7}},"type":"if","locations":[{"start":{"line":156,"column":6},"end":{"line":160,"column":7}},{"start":{},"end":{}}],"line":156},"3":{"loc":{"start":{"line":157,"column":8},"end":{"line":159,"column":9}},"type":"if","locations":[{"start":{"line":157,"column":8},"end":{"line":159,"column":9}},{"start":{},"end":{}}],"line":157},"4":{"loc":{"start":{"line":157,"column":12},"end":{"line":157,"column":58}},"type":"binary-expr","locations":[{"start":{"line":157,"column":12},"end":{"line":157,"column":19}},{"start":{"line":157,"column":23},"end":{"line":157,"column":31}},{"start":{"line":157,"column":35},"end":{"line":157,"column":44}},{"start":{"line":157,"column":48},"end":{"line":157,"column":58}}],"line":157},"5":{"loc":{"start":{"line":169,"column":6},"end":{"line":178,"column":7}},"type":"if","locations":[{"start":{"line":169,"column":6},"end":{"line":178,"column":7}},{"start":{},"end":{}}],"line":169},"6":{"loc":{"start":{"line":190,"column":8},"end":{"line":192,"column":9}},"type":"if","locations":[{"start":{"line":190,"column":8},"end":{"line":192,"column":9}},{"start":{},"end":{}}],"line":190},"7":{"loc":{"start":{"line":216,"column":16},"end":{"line":216,"column":105}},"type":"binary-expr","locations":[{"start":{"line":216,"column":16},"end":{"line":216,"column":39}},{"start":{"line":216,"column":43},"end":{"line":216,"column":105}}],"line":216},"8":{"loc":{"start":{"line":216,"column":45},"end":{"line":216,"column":104}},"type":"binary-expr","locations":[{"start":{"line":216,"column":45},"end":{"line":216,"column":72}},{"start":{"line":216,"column":76},"end":{"line":216,"column":104}}],"line":216},"9":{"loc":{"start":{"line":220,"column":8},"end":{"line":238,"column":11}},"type":"if","locations":[{"start":{"line":220,"column":8},"end":{"line":238,"column":11}},{"start":{},"end":{}}],"line":220},"10":{"loc":{"start":{"line":244,"column":6},"end":{"line":246,"column":7}},"type":"if","locations":[{"start":{"line":244,"column":6},"end":{"line":246,"column":7}},{"start":{},"end":{}}],"line":244},"11":{"loc":{"start":{"line":244,"column":10},"end":{"line":244,"column":75}},"type":"binary-expr","locations":[{"start":{"line":244,"column":10},"end":{"line":244,"column":31}},{"start":{"line":244,"column":35},"end":{"line":244,"column":55}},{"start":{"line":244,"column":59},"end":{"line":244,"column":75}}],"line":244},"12":{"loc":{"start":{"line":254,"column":6},"end":{"line":256,"column":7}},"type":"if","locations":[{"start":{"line":254,"column":6},"end":{"line":256,"column":7}},{"start":{},"end":{}}],"line":254},"13":{"loc":{"start":{"line":254,"column":10},"end":{"line":254,"column":76}},"type":"binary-expr","locations":[{"start":{"line":254,"column":10},"end":{"line":254,"column":31}},{"start":{"line":254,"column":35},"end":{"line":254,"column":55}},{"start":{"line":254,"column":59},"end":{"line":254,"column":76}}],"line":254},"14":{"loc":{"start":{"line":264,"column":6},"end":{"line":266,"column":7}},"type":"if","locations":[{"start":{"line":264,"column":6},"end":{"line":266,"column":7}},{"start":{},"end":{}}],"line":264},"15":{"loc":{"start":{"line":264,"column":10},"end":{"line":264,"column":73}},"type":"binary-expr","locations":[{"start":{"line":264,"column":10},"end":{"line":264,"column":31}},{"start":{"line":264,"column":35},"end":{"line":264,"column":55}},{"start":{"line":264,"column":59},"end":{"line":264,"column":73}}],"line":264},"16":{"loc":{"start":{"line":273,"column":6},"end":{"line":275,"column":7}},"type":"if","locations":[{"start":{"line":273,"column":6},"end":{"line":275,"column":7}},{"start":{},"end":{}}],"line":273},"17":{"loc":{"start":{"line":273,"column":10},"end":{"line":273,"column":74}},"type":"binary-expr","locations":[{"start":{"line":273,"column":10},"end":{"line":273,"column":31}},{"start":{"line":273,"column":35},"end":{"line":273,"column":55}},{"start":{"line":273,"column":59},"end":{"line":273,"column":74}}],"line":273},"18":{"loc":{"start":{"line":284,"column":8},"end":{"line":286,"column":9}},"type":"if","locations":[{"start":{"line":284,"column":8},"end":{"line":286,"column":9}},{"start":{},"end":{}}],"line":284},"19":{"loc":{"start":{"line":284,"column":12},"end":{"line":284,"column":44}},"type":"binary-expr","locations":[{"start":{"line":284,"column":12},"end":{"line":284,"column":23}},{"start":{"line":284,"column":27},"end":{"line":284,"column":44}}],"line":284},"20":{"loc":{"start":{"line":293,"column":8},"end":{"line":296,"column":9}},"type":"if","locations":[{"start":{"line":293,"column":8},"end":{"line":296,"column":9}},{"start":{},"end":{}}],"line":293},"21":{"loc":{"start":{"line":312,"column":29},"end":{"line":312,"column":86}},"type":"cond-expr","locations":[{"start":{"line":312,"column":45},"end":{"line":312,"column":58}},{"start":{"line":312,"column":61},"end":{"line":312,"column":86}}],"line":312},"22":{"loc":{"start":{"line":313,"column":30},"end":{"line":313,"column":88}},"type":"cond-expr","locations":[{"start":{"line":313,"column":46},"end":{"line":313,"column":59}},{"start":{"line":313,"column":62},"end":{"line":313,"column":88}}],"line":313},"23":{"loc":{"start":{"line":320,"column":33},"end":{"line":320,"column":89}},"type":"cond-expr","locations":[{"start":{"line":320,"column":54},"end":{"line":320,"column":79}},{"start":{"line":320,"column":82},"end":{"line":320,"column":89}}],"line":320},"24":{"loc":{"start":{"line":321,"column":35},"end":{"line":321,"column":92}},"type":"cond-expr","locations":[{"start":{"line":321,"column":56},"end":{"line":321,"column":82}},{"start":{"line":321,"column":85},"end":{"line":321,"column":92}}],"line":321},"25":{"loc":{"start":{"line":322,"column":6},"end":{"line":326,"column":7}},"type":"if","locations":[{"start":{"line":322,"column":6},"end":{"line":326,"column":7}},{"start":{},"end":{}}],"line":322},"26":{"loc":{"start":{"line":327,"column":6},"end":{"line":331,"column":7}},"type":"if","locations":[{"start":{"line":327,"column":6},"end":{"line":331,"column":7}},{"start":{},"end":{}}],"line":327},"27":{"loc":{"start":{"line":402,"column":15},"end":{"line":402,"column":80}},"type":"cond-expr","locations":[{"start":{"line":402,"column":59},"end":{"line":402,"column":65}},{"start":{"line":402,"column":68},"end":{"line":402,"column":80}}],"line":402},"28":{"loc":{"start":{"line":403,"column":16},"end":{"line":403,"column":82}},"type":"cond-expr","locations":[{"start":{"line":403,"column":60},"end":{"line":403,"column":66}},{"start":{"line":403,"column":69},"end":{"line":403,"column":82}}],"line":403},"29":{"loc":{"start":{"line":410,"column":6},"end":{"line":412,"column":7}},"type":"if","locations":[{"start":{"line":410,"column":6},"end":{"line":412,"column":7}},{"start":{},"end":{}}],"line":410},"30":{"loc":{"start":{"line":417,"column":6},"end":{"line":419,"column":7}},"type":"if","locations":[{"start":{"line":417,"column":6},"end":{"line":419,"column":7}},{"start":{},"end":{}}],"line":417},"31":{"loc":{"start":{"line":429,"column":6},"end":{"line":447,"column":7}},"type":"if","locations":[{"start":{"line":429,"column":6},"end":{"line":447,"column":7}},{"start":{},"end":{}}],"line":429},"32":{"loc":{"start":{"line":430,"column":8},"end":{"line":434,"column":9}},"type":"if","locations":[{"start":{"line":430,"column":8},"end":{"line":434,"column":9}},{"start":{"line":432,"column":15},"end":{"line":434,"column":9}}],"line":430},"33":{"loc":{"start":{"line":436,"column":8},"end":{"line":446,"column":9}},"type":"if","locations":[{"start":{"line":436,"column":8},"end":{"line":446,"column":9}},{"start":{"line":444,"column":15},"end":{"line":446,"column":9}}],"line":436},"34":{"loc":{"start":{"line":437,"column":10},"end":{"line":443,"column":11}},"type":"if","locations":[{"start":{"line":437,"column":10},"end":{"line":443,"column":11}},{"start":{"line":439,"column":17},"end":{"line":443,"column":11}}],"line":437},"35":{"loc":{"start":{"line":439,"column":17},"end":{"line":443,"column":11}},"type":"if","locations":[{"start":{"line":439,"column":17},"end":{"line":443,"column":11}},{"start":{"line":441,"column":17},"end":{"line":443,"column":11}}],"line":439},"36":{"loc":{"start":{"line":444,"column":15},"end":{"line":446,"column":9}},"type":"if","locations":[{"start":{"line":444,"column":15},"end":{"line":446,"column":9}},{"start":{},"end":{}}],"line":444},"37":{"loc":{"start":{"line":454,"column":6},"end":{"line":457,"column":7}},"type":"if","locations":[{"start":{"line":454,"column":6},"end":{"line":457,"column":7}},{"start":{},"end":{}}],"line":454},"38":{"loc":{"start":{"line":458,"column":6},"end":{"line":461,"column":7}},"type":"if","locations":[{"start":{"line":458,"column":6},"end":{"line":461,"column":7}},{"start":{},"end":{}}],"line":458},"39":{"loc":{"start":{"line":464,"column":6},"end":{"line":469,"column":7}},"type":"if","locations":[{"start":{"line":464,"column":6},"end":{"line":469,"column":7}},{"start":{},"end":{}}],"line":464},"40":{"loc":{"start":{"line":465,"column":18},"end":{"line":465,"column":43}},"type":"cond-expr","locations":[{"start":{"line":465,"column":32},"end":{"line":465,"column":33}},{"start":{"line":465,"column":36},"end":{"line":465,"column":43}}],"line":465},"41":{"loc":{"start":{"line":466,"column":19},"end":{"line":466,"column":46}},"type":"cond-expr","locations":[{"start":{"line":466,"column":34},"end":{"line":466,"column":35}},{"start":{"line":466,"column":38},"end":{"line":466,"column":46}}],"line":466},"42":{"loc":{"start":{"line":467,"column":17},"end":{"line":467,"column":40}},"type":"cond-expr","locations":[{"start":{"line":467,"column":30},"end":{"line":467,"column":31}},{"start":{"line":467,"column":34},"end":{"line":467,"column":40}}],"line":467},"43":{"loc":{"start":{"line":468,"column":20},"end":{"line":468,"column":49}},"type":"cond-expr","locations":[{"start":{"line":468,"column":36},"end":{"line":468,"column":37}},{"start":{"line":468,"column":40},"end":{"line":468,"column":49}}],"line":468},"44":{"loc":{"start":{"line":480,"column":6},"end":{"line":519,"column":7}},"type":"if","locations":[{"start":{"line":480,"column":6},"end":{"line":519,"column":7}},{"start":{},"end":{}}],"line":480},"45":{"loc":{"start":{"line":500,"column":8},"end":{"line":518,"column":9}},"type":"if","locations":[{"start":{"line":500,"column":8},"end":{"line":518,"column":9}},{"start":{"line":509,"column":15},"end":{"line":518,"column":9}}],"line":500},"46":{"loc":{"start":{"line":509,"column":15},"end":{"line":518,"column":9}},"type":"if","locations":[{"start":{"line":509,"column":15},"end":{"line":518,"column":9}},{"start":{},"end":{}}],"line":509},"47":{"loc":{"start":{"line":523,"column":54},"end":{"line":523,"column":67}},"type":"default-arg","locations":[{"start":{"line":523,"column":62},"end":{"line":523,"column":67}}],"line":523},"48":{"loc":{"start":{"line":525,"column":6},"end":{"line":527,"column":7}},"type":"if","locations":[{"start":{"line":525,"column":6},"end":{"line":527,"column":7}},{"start":{},"end":{}}],"line":525},"49":{"loc":{"start":{"line":529,"column":6},"end":{"line":531,"column":7}},"type":"if","locations":[{"start":{"line":529,"column":6},"end":{"line":531,"column":7}},{"start":{},"end":{}}],"line":529},"50":{"loc":{"start":{"line":534,"column":6},"end":{"line":536,"column":7}},"type":"if","locations":[{"start":{"line":534,"column":6},"end":{"line":536,"column":7}},{"start":{},"end":{}}],"line":534},"51":{"loc":{"start":{"line":534,"column":10},"end":{"line":534,"column":63}},"type":"binary-expr","locations":[{"start":{"line":534,"column":11},"end":{"line":534,"column":29}},{"start":{"line":534,"column":33},"end":{"line":534,"column":52}},{"start":{"line":534,"column":57},"end":{"line":534,"column":63}}],"line":534},"52":{"loc":{"start":{"line":544,"column":23},"end":{"line":544,"column":87}},"type":"cond-expr","locations":[{"start":{"line":544,"column":57},"end":{"line":544,"column":65}},{"start":{"line":544,"column":68},"end":{"line":544,"column":87}}],"line":544},"53":{"loc":{"start":{"line":545,"column":23},"end":{"line":545,"column":87}},"type":"cond-expr","locations":[{"start":{"line":545,"column":57},"end":{"line":545,"column":65}},{"start":{"line":545,"column":68},"end":{"line":545,"column":87}}],"line":545},"54":{"loc":{"start":{"line":561,"column":6},"end":{"line":563,"column":7}},"type":"if","locations":[{"start":{"line":561,"column":6},"end":{"line":563,"column":7}},{"start":{},"end":{}}],"line":561},"55":{"loc":{"start":{"line":561,"column":10},"end":{"line":561,"column":32}},"type":"binary-expr","locations":[{"start":{"line":561,"column":10},"end":{"line":561,"column":16}},{"start":{"line":561,"column":20},"end":{"line":561,"column":32}}],"line":561},"56":{"loc":{"start":{"line":566,"column":6},"end":{"line":568,"column":7}},"type":"if","locations":[{"start":{"line":566,"column":6},"end":{"line":568,"column":7}},{"start":{},"end":{}}],"line":566},"57":{"loc":{"start":{"line":570,"column":6},"end":{"line":582,"column":7}},"type":"if","locations":[{"start":{"line":570,"column":6},"end":{"line":582,"column":7}},{"start":{"line":579,"column":13},"end":{"line":582,"column":7}}],"line":570},"58":{"loc":{"start":{"line":574,"column":10},"end":{"line":576,"column":11}},"type":"if","locations":[{"start":{"line":574,"column":10},"end":{"line":576,"column":11}},{"start":{},"end":{}}],"line":574},"59":{"loc":{"start":{"line":587,"column":6},"end":{"line":589,"column":7}},"type":"if","locations":[{"start":{"line":587,"column":6},"end":{"line":589,"column":7}},{"start":{},"end":{}}],"line":587},"60":{"loc":{"start":{"line":587,"column":10},"end":{"line":587,"column":89}},"type":"binary-expr","locations":[{"start":{"line":587,"column":10},"end":{"line":587,"column":26}},{"start":{"line":587,"column":30},"end":{"line":587,"column":89}}],"line":587},"61":{"loc":{"start":{"line":592,"column":6},"end":{"line":594,"column":7}},"type":"if","locations":[{"start":{"line":592,"column":6},"end":{"line":594,"column":7}},{"start":{},"end":{}}],"line":592},"62":{"loc":{"start":{"line":592,"column":10},"end":{"line":592,"column":89}},"type":"binary-expr","locations":[{"start":{"line":592,"column":10},"end":{"line":592,"column":26}},{"start":{"line":592,"column":30},"end":{"line":592,"column":89}}],"line":592},"63":{"loc":{"start":{"line":597,"column":6},"end":{"line":599,"column":7}},"type":"if","locations":[{"start":{"line":597,"column":6},"end":{"line":599,"column":7}},{"start":{},"end":{}}],"line":597},"64":{"loc":{"start":{"line":602,"column":6},"end":{"line":604,"column":7}},"type":"if","locations":[{"start":{"line":602,"column":6},"end":{"line":604,"column":7}},{"start":{},"end":{}}],"line":602},"65":{"loc":{"start":{"line":607,"column":23},"end":{"line":607,"column":87}},"type":"cond-expr","locations":[{"start":{"line":607,"column":57},"end":{"line":607,"column":65}},{"start":{"line":607,"column":68},"end":{"line":607,"column":87}}],"line":607},"66":{"loc":{"start":{"line":608,"column":23},"end":{"line":608,"column":87}},"type":"cond-expr","locations":[{"start":{"line":608,"column":57},"end":{"line":608,"column":65}},{"start":{"line":608,"column":68},"end":{"line":608,"column":87}}],"line":608},"67":{"loc":{"start":{"line":614,"column":6},"end":{"line":616,"column":7}},"type":"if","locations":[{"start":{"line":614,"column":6},"end":{"line":616,"column":7}},{"start":{},"end":{}}],"line":614},"68":{"loc":{"start":{"line":631,"column":6},"end":{"line":633,"column":7}},"type":"if","locations":[{"start":{"line":631,"column":6},"end":{"line":633,"column":7}},{"start":{},"end":{}}],"line":631},"69":{"loc":{"start":{"line":631,"column":10},"end":{"line":631,"column":57}},"type":"binary-expr","locations":[{"start":{"line":631,"column":10},"end":{"line":631,"column":32}},{"start":{"line":631,"column":36},"end":{"line":631,"column":57}}],"line":631},"70":{"loc":{"start":{"line":639,"column":20},"end":{"line":639,"column":84}},"type":"cond-expr","locations":[{"start":{"line":639,"column":54},"end":{"line":639,"column":62}},{"start":{"line":639,"column":65},"end":{"line":639,"column":84}}],"line":639},"71":{"loc":{"start":{"line":640,"column":20},"end":{"line":640,"column":84}},"type":"cond-expr","locations":[{"start":{"line":640,"column":54},"end":{"line":640,"column":62}},{"start":{"line":640,"column":65},"end":{"line":640,"column":84}}],"line":640},"72":{"loc":{"start":{"line":649,"column":6},"end":{"line":651,"column":7}},"type":"if","locations":[{"start":{"line":649,"column":6},"end":{"line":651,"column":7}},{"start":{},"end":{}}],"line":649},"73":{"loc":{"start":{"line":654,"column":6},"end":{"line":664,"column":7}},"type":"if","locations":[{"start":{"line":654,"column":6},"end":{"line":664,"column":7}},{"start":{},"end":{}}],"line":654},"74":{"loc":{"start":{"line":656,"column":8},"end":{"line":662,"column":9}},"type":"if","locations":[{"start":{"line":656,"column":8},"end":{"line":662,"column":9}},{"start":{"line":658,"column":15},"end":{"line":662,"column":9}}],"line":656},"75":{"loc":{"start":{"line":658,"column":15},"end":{"line":662,"column":9}},"type":"if","locations":[{"start":{"line":658,"column":15},"end":{"line":662,"column":9}},{"start":{"line":660,"column":15},"end":{"line":662,"column":9}}],"line":658},"76":{"loc":{"start":{"line":660,"column":15},"end":{"line":662,"column":9}},"type":"if","locations":[{"start":{"line":660,"column":15},"end":{"line":662,"column":9}},{"start":{},"end":{}}],"line":660},"77":{"loc":{"start":{"line":674,"column":6},"end":{"line":694,"column":7}},"type":"switch","locations":[{"start":{"line":675,"column":8},"end":{"line":682,"column":15}},{"start":{"line":684,"column":8},"end":{"line":691,"column":15}},{"start":{"line":692,"column":8},"end":{"line":693,"column":15}}],"line":674},"78":{"loc":{"start":{"line":678,"column":10},"end":{"line":680,"column":11}},"type":"if","locations":[{"start":{"line":678,"column":10},"end":{"line":680,"column":11}},{"start":{},"end":{}}],"line":678},"79":{"loc":{"start":{"line":687,"column":10},"end":{"line":689,"column":11}},"type":"if","locations":[{"start":{"line":687,"column":10},"end":{"line":689,"column":11}},{"start":{},"end":{}}],"line":687},"80":{"loc":{"start":{"line":696,"column":6},"end":{"line":716,"column":7}},"type":"switch","locations":[{"start":{"line":697,"column":8},"end":{"line":704,"column":15}},{"start":{"line":706,"column":8},"end":{"line":713,"column":15}},{"start":{"line":714,"column":8},"end":{"line":715,"column":15}}],"line":696},"81":{"loc":{"start":{"line":700,"column":10},"end":{"line":702,"column":11}},"type":"if","locations":[{"start":{"line":700,"column":10},"end":{"line":702,"column":11}},{"start":{},"end":{}}],"line":700},"82":{"loc":{"start":{"line":709,"column":10},"end":{"line":711,"column":11}},"type":"if","locations":[{"start":{"line":709,"column":10},"end":{"line":711,"column":11}},{"start":{},"end":{}}],"line":709},"83":{"loc":{"start":{"line":727,"column":6},"end":{"line":734,"column":7}},"type":"if","locations":[{"start":{"line":727,"column":6},"end":{"line":734,"column":7}},{"start":{},"end":{}}],"line":727},"84":{"loc":{"start":{"line":743,"column":6},"end":{"line":754,"column":7}},"type":"if","locations":[{"start":{"line":743,"column":6},"end":{"line":754,"column":7}},{"start":{},"end":{}}],"line":743},"85":{"loc":{"start":{"line":763,"column":6},"end":{"line":789,"column":7}},"type":"if","locations":[{"start":{"line":763,"column":6},"end":{"line":789,"column":7}},{"start":{"line":768,"column":13},"end":{"line":789,"column":7}}],"line":763},"86":{"loc":{"start":{"line":768,"column":13},"end":{"line":789,"column":7}},"type":"if","locations":[{"start":{"line":768,"column":13},"end":{"line":789,"column":7}},{"start":{"line":773,"column":13},"end":{"line":789,"column":7}}],"line":768},"87":{"loc":{"start":{"line":773,"column":13},"end":{"line":789,"column":7}},"type":"if","locations":[{"start":{"line":773,"column":13},"end":{"line":789,"column":7}},{"start":{"line":781,"column":13},"end":{"line":789,"column":7}}],"line":773},"88":{"loc":{"start":{"line":776,"column":8},"end":{"line":780,"column":9}},"type":"if","locations":[{"start":{"line":776,"column":8},"end":{"line":780,"column":9}},{"start":{"line":778,"column":15},"end":{"line":780,"column":9}}],"line":776},"89":{"loc":{"start":{"line":784,"column":8},"end":{"line":788,"column":9}},"type":"if","locations":[{"start":{"line":784,"column":8},"end":{"line":788,"column":9}},{"start":{"line":786,"column":15},"end":{"line":788,"column":9}}],"line":784},"90":{"loc":{"start":{"line":807,"column":6},"end":{"line":842,"column":7}},"type":"if","locations":[{"start":{"line":807,"column":6},"end":{"line":842,"column":7}},{"start":{},"end":{}}],"line":807},"91":{"loc":{"start":{"line":817,"column":8},"end":{"line":819,"column":9}},"type":"if","locations":[{"start":{"line":817,"column":8},"end":{"line":819,"column":9}},{"start":{},"end":{}}],"line":817},"92":{"loc":{"start":{"line":820,"column":8},"end":{"line":822,"column":9}},"type":"if","locations":[{"start":{"line":820,"column":8},"end":{"line":822,"column":9}},{"start":{},"end":{}}],"line":820},"93":{"loc":{"start":{"line":823,"column":8},"end":{"line":825,"column":9}},"type":"if","locations":[{"start":{"line":823,"column":8},"end":{"line":825,"column":9}},{"start":{},"end":{}}],"line":823},"94":{"loc":{"start":{"line":826,"column":8},"end":{"line":828,"column":9}},"type":"if","locations":[{"start":{"line":826,"column":8},"end":{"line":828,"column":9}},{"start":{},"end":{}}],"line":826},"95":{"loc":{"start":{"line":831,"column":8},"end":{"line":833,"column":9}},"type":"if","locations":[{"start":{"line":831,"column":8},"end":{"line":833,"column":9}},{"start":{},"end":{}}],"line":831},"96":{"loc":{"start":{"line":834,"column":8},"end":{"line":836,"column":9}},"type":"if","locations":[{"start":{"line":834,"column":8},"end":{"line":836,"column":9}},{"start":{},"end":{}}],"line":834},"97":{"loc":{"start":{"line":838,"column":18},"end":{"line":838,"column":42}},"type":"cond-expr","locations":[{"start":{"line":838,"column":29},"end":{"line":838,"column":34}},{"start":{"line":838,"column":37},"end":{"line":838,"column":42}}],"line":838},"98":{"loc":{"start":{"line":840,"column":19},"end":{"line":840,"column":44}},"type":"cond-expr","locations":[{"start":{"line":840,"column":31},"end":{"line":840,"column":36}},{"start":{"line":840,"column":39},"end":{"line":840,"column":44}}],"line":840},"99":{"loc":{"start":{"line":856,"column":6},"end":{"line":867,"column":7}},"type":"if","locations":[{"start":{"line":856,"column":6},"end":{"line":867,"column":7}},{"start":{},"end":{}}],"line":856},"100":{"loc":{"start":{"line":889,"column":6},"end":{"line":893,"column":7}},"type":"if","locations":[{"start":{"line":889,"column":6},"end":{"line":893,"column":7}},{"start":{"line":891,"column":13},"end":{"line":893,"column":7}}],"line":889},"101":{"loc":{"start":{"line":889,"column":10},"end":{"line":889,"column":51}},"type":"binary-expr","locations":[{"start":{"line":889,"column":10},"end":{"line":889,"column":28}},{"start":{"line":889,"column":32},"end":{"line":889,"column":51}}],"line":889},"102":{"loc":{"start":{"line":891,"column":13},"end":{"line":893,"column":7}},"type":"if","locations":[{"start":{"line":891,"column":13},"end":{"line":893,"column":7}},{"start":{},"end":{}}],"line":891},"103":{"loc":{"start":{"line":891,"column":17},"end":{"line":891,"column":58}},"type":"binary-expr","locations":[{"start":{"line":891,"column":17},"end":{"line":891,"column":35}},{"start":{"line":891,"column":39},"end":{"line":891,"column":58}}],"line":891},"104":{"loc":{"start":{"line":899,"column":6},"end":{"line":933,"column":7}},"type":"if","locations":[{"start":{"line":899,"column":6},"end":{"line":933,"column":7}},{"start":{},"end":{}}],"line":899},"105":{"loc":{"start":{"line":899,"column":10},"end":{"line":899,"column":55}},"type":"binary-expr","locations":[{"start":{"line":899,"column":10},"end":{"line":899,"column":31}},{"start":{"line":899,"column":35},"end":{"line":899,"column":55}}],"line":899},"106":{"loc":{"start":{"line":908,"column":8},"end":{"line":927,"column":9}},"type":"if","locations":[{"start":{"line":908,"column":8},"end":{"line":927,"column":9}},{"start":{"line":915,"column":15},"end":{"line":927,"column":9}}],"line":908},"107":{"loc":{"start":{"line":908,"column":12},"end":{"line":908,"column":78}},"type":"binary-expr","locations":[{"start":{"line":908,"column":12},"end":{"line":908,"column":40}},{"start":{"line":908,"column":44},"end":{"line":908,"column":78}}],"line":908},"108":{"loc":{"start":{"line":928,"column":8},"end":{"line":932,"column":9}},"type":"if","locations":[{"start":{"line":928,"column":8},"end":{"line":932,"column":9}},{"start":{"line":930,"column":15},"end":{"line":932,"column":9}}],"line":928},"109":{"loc":{"start":{"line":930,"column":15},"end":{"line":932,"column":9}},"type":"if","locations":[{"start":{"line":930,"column":15},"end":{"line":932,"column":9}},{"start":{},"end":{}}],"line":930},"110":{"loc":{"start":{"line":939,"column":6},"end":{"line":950,"column":7}},"type":"if","locations":[{"start":{"line":939,"column":6},"end":{"line":950,"column":7}},{"start":{},"end":{}}],"line":939},"111":{"loc":{"start":{"line":951,"column":6},"end":{"line":962,"column":7}},"type":"if","locations":[{"start":{"line":951,"column":6},"end":{"line":962,"column":7}},{"start":{},"end":{}}],"line":951},"112":{"loc":{"start":{"line":986,"column":6},"end":{"line":997,"column":7}},"type":"if","locations":[{"start":{"line":986,"column":6},"end":{"line":997,"column":7}},{"start":{},"end":{}}],"line":986},"113":{"loc":{"start":{"line":998,"column":6},"end":{"line":1009,"column":7}},"type":"if","locations":[{"start":{"line":998,"column":6},"end":{"line":1009,"column":7}},{"start":{},"end":{}}],"line":998},"114":{"loc":{"start":{"line":1052,"column":10},"end":{"line":1052,"column":40}},"type":"cond-expr","locations":[{"start":{"line":1052,"column":19},"end":{"line":1052,"column":27}},{"start":{"line":1052,"column":30},"end":{"line":1052,"column":40}}],"line":1052},"115":{"loc":{"start":{"line":1053,"column":10},"end":{"line":1053,"column":40}},"type":"cond-expr","locations":[{"start":{"line":1053,"column":24},"end":{"line":1053,"column":35}},{"start":{"line":1053,"column":38},"end":{"line":1053,"column":40}}],"line":1053},"116":{"loc":{"start":{"line":1054,"column":10},"end":{"line":1054,"column":40}},"type":"cond-expr","locations":[{"start":{"line":1054,"column":24},"end":{"line":1054,"column":35}},{"start":{"line":1054,"column":38},"end":{"line":1054,"column":40}}],"line":1054},"117":{"loc":{"start":{"line":1073,"column":12},"end":{"line":1075,"column":13}},"type":"if","locations":[{"start":{"line":1073,"column":12},"end":{"line":1075,"column":13}},{"start":{},"end":{}}],"line":1073},"118":{"loc":{"start":{"line":1085,"column":16},"end":{"line":1085,"column":56}},"type":"cond-expr","locations":[{"start":{"line":1085,"column":36},"end":{"line":1085,"column":38}},{"start":{"line":1085,"column":41},"end":{"line":1085,"column":56}}],"line":1085}},"s":{"0":0,"1":0,"2":0,"3":0,"4":1,"5":1,"6":1,"7":0,"8":0,"9":0,"10":0,"11":0,"12":0,"13":0,"14":0,"15":0,"16":0,"17":0,"18":0,"19":0,"20":0,"21":0,"22":0,"23":0,"24":0,"25":0,"26":0,"27":0,"28":0,"29":0,"30":0,"31":0,"32":0,"33":0,"34":0,"35":0,"36":0,"37":0,"38":0,"39":0,"40":0,"41":0,"42":0,"43":0,"44":0,"45":0,"46":0,"47":0,"48":0,"49":0,"50":0,"51":0,"52":0,"53":0,"54":0,"55":0,"56":0,"57":0,"58":0,"59":0,"60":0,"61":0,"62":0,"63":0,"64":0,"65":0,"66":0,"67":0,"68":0,"69":0,"70":0,"71":0,"72":0,"73":0,"74":0,"75":0,"76":0,"77":0,"78":0,"79":0,"80":0,"81":0,"82":0,"83":0,"84":0,"85":0,"86":0,"87":0,"88":0,"89":0,"90":0,"91":0,"92":0,"93":0,"94":0,"95":0,"96":0,"97":0,"98":0,"99":0,"100":0,"101":0,"102":0,"103":0,"104":0,"105":0,"106":0,"107":0,"108":0,"109":0,"110":0,"111":0,"112":0,"113":0,"114":0,"115":0,"116":0,"117":0,"118":0,"119":0,"120":0,"121":0,"122":0,"123":0,"124":0,"125":0,"126":0,"127":0,"128":0,"129":0,"130":0,"131":0,"132":0,"133":0,"134":0,"135":0,"136":0,"137":0,"138":0,"139":0,"140":0,"141":0,"142":0,"143":0,"144":0,"145":0,"146":0,"147":0,"148":0,"149":0,"150":0,"151":0,"152":0,"153":0,"154":0,"155":0,"156":0,"157":0,"158":0,"159":0,"160":0,"161":0,"162":0,"163":0,"164":0,"165":0,"166":0,"167":0,"168":0,"169":0,"170":0,"171":0,"172":0,"173":0,"174":0,"175":0,"176":0,"177":0,"178":0,"179":0,"180":0,"181":0,"182":0,"183":0,"184":0,"185":0,"186":0,"187":0,"188":0,"189":0,"190":0,"191":0,"192":0,"193":0,"194":0,"195":0,"196":0,"197":0,"198":0,"199":0,"200":0,"201":0,"202":0,"203":0,"204":0,"205":0,"206":0,"207":0,"208":0,"209":0,"210":0,"211":0,"212":0,"213":0,"214":0,"215":0,"216":0,"217":0,"218":0,"219":0,"220":0,"221":0,"222":0,"223":0,"224":0,"225":0,"226":0,"227":0,"228":0,"229":0,"230":0,"231":0,"232":0,"233":0,"234":0,"235":0,"236":0,"237":0,"238":0,"239":0,"240":0,"241":0,"242":0,"243":0,"244":0,"245":0,"246":0,"247":0,"248":0,"249":0,"250":0,"251":0,"252":0,"253":0,"254":0,"255":0,"256":0,"257":0,"258":0,"259":0,"260":0,"261":0,"262":0,"263":0,"264":0,"265":0,"266":0,"267":0,"268":0,"269":0,"270":0,"271":0,"272":0,"273":0,"274":0,"275":0,"276":0,"277":0,"278":0,"279":0,"280":0,"281":0,"282":0,"283":0,"284":0,"285":0,"286":0,"287":0,"288":0,"289":0,"290":0,"291":0,"292":0,"293":0,"294":0,"295":0,"296":0,"297":0,"298":0,"299":0,"300":0,"301":0,"302":0,"303":0,"304":0,"305":0,"306":0,"307":0,"308":0,"309":0,"310":0,"311":0,"312":0,"313":0,"314":0,"315":0,"316":0,"317":0,"318":0,"319":0,"320":0,"321":0,"322":0,"323":0,"324":0,"325":0,"326":0,"327":0,"328":0,"329":0,"330":0,"331":0,"332":0,"333":0,"334":0,"335":0,"336":0,"337":0,"338":0,"339":0,"340":0,"341":0,"342":0,"343":0,"344":0,"345":0,"346":0,"347":0,"348":0,"349":0,"350":0,"351":0,"352":0,"353":0,"354":0,"355":0,"356":0,"357":0,"358":0,"359":0,"360":0,"361":0,"362":0,"363":0,"364":0,"365":0,"366":0,"367":0,"368":0,"369":0,"370":0,"371":0,"372":0,"373":0,"374":0,"375":0,"376":0,"377":0,"378":0,"379":0,"380":0,"381":0,"382":0,"383":0,"384":0,"385":0,"386":0,"387":0,"388":1,"389":1},"f":{"0":0,"1":0,"2":0,"3":0,"4":0,"5":0,"6":0,"7":0,"8":0,"9":0,"10":0,"11":0,"12":0,"13":0,"14":0,"15":0,"16":0,"17":0,"18":0,"19":0,"20":0,"21":0,"22":0,"23":0,"24":0,"25":0,"26":0,"27":0,"28":0,"29":0,"30":0,"31":0,"32":0,"33":0,"34":0,"35":0,"36":0,"37":0,"38":0,"39":0,"40":0,"41":0,"42":0,"43":0,"44":0,"45":0,"46":0,"47":0,"48":0,"49":0,"50":0,"51":0,"52":0,"53":0,"54":0,"55":0,"56":0},"b":{"0":[0,0],"1":[0,0],"2":[0,0],"3":[0,0],"4":[0,0,0,0],"5":[0,0],"6":[0,0],"7":[0,0],"8":[0,0],"9":[0,0],"10":[0,0],"11":[0,0,0],"12":[0,0],"13":[0,0,0],"14":[0,0],"15":[0,0,0],"16":[0,0],"17":[0,0,0],"18":[0,0],"19":[0,0],"20":[0,0],"21":[0,0],"22":[0,0],"23":[0,0],"24":[0,0],"25":[0,0],"26":[0,0],"27":[0,0],"28":[0,0],"29":[0,0],"30":[0,0],"31":[0,0],"32":[0,0],"33":[0,0],"34":[0,0],"35":[0,0],"36":[0,0],"37":[0,0],"38":[0,0],"39":[0,0],"40":[0,0],"41":[0,0],"42":[0,0],"43":[0,0],"44":[0,0],"45":[0,0],"46":[0,0],"47":[0],"48":[0,0],"49":[0,0],"50":[0,0],"51":[0,0,0],"52":[0,0],"53":[0,0],"54":[0,0],"55":[0,0],"56":[0,0],"57":[0,0],"58":[0,0],"59":[0,0],"60":[0,0],"61":[0,0],"62":[0,0],"63":[0,0],"64":[0,0],"65":[0,0],"66":[0,0],"67":[0,0],"68":[0,0],"69":[0,0],"70":[0,0],"71":[0,0],"72":[0,0],"73":[0,0],"74":[0,0],"75":[0,0],"76":[0,0],"77":[0,0,0],"78":[0,0],"79":[0,0],"80":[0,0,0],"81":[0,0],"82":[0,0],"83":[0,0],"84":[0,0],"85":[0,0],"86":[0,0],"87":[0,0],"88":[0,0],"89":[0,0],"90":[0,0],"91":[0,0],"92":[0,0],"93":[0,0],"94":[0,0],"95":[0,0],"96":[0,0],"97":[0,0],"98":[0,0],"99":[0,0],"100":[0,0],"101":[0,0],"102":[0,0],"103":[0,0],"104":[0,0],"105":[0,0],"106":[0,0],"107":[0,0],"108":[0,0],"109":[0,0],"110":[0,0],"111":[0,0],"112":[0,0],"113":[0,0],"114":[0,0],"115":[0,0],"116":[0,0],"117":[0,0],"118":[0,0]},"_coverageSchema":"1a1c01bbd47fc00a2c39e90264f33305004495a9","hash":"821b4bf8d6ff4b68f93fedf6c7714575c70e3ac6"}
,"C:\\Users\\ljh\\Desktop\\开源项目\\react-drag-resize-growth\\src\\components\\ReactDragResize\\style.js": {"path":"C:\\Users\\ljh\\Desktop\\开源项目\\react-drag-resize-growth\\src\\components\\ReactDragResize\\style.js","statementMap":{"0":{"start":{"line":3,"column":38},"end":{"line":54,"column":1}}},"fnMap":{},"branchMap":{},"s":{"0":1},"f":{},"b":{},"_coverageSchema":"1a1c01bbd47fc00a2c39e90264f33305004495a9","hash":"e98d9657f5c7ee14ab6b33898aec6237bb214722"}
,"C:\\Users\\ljh\\Desktop\\开源项目\\react-drag-resize-growth\\src\\components\\ReactDragResize\\hooks\\useConflictCheck.js": {"path":"C:\\Users\\ljh\\Desktop\\开源项目\\react-drag-resize-growth\\src\\components\\ReactDragResize\\hooks\\useConflictCheck.js","statementMap":{"0":{"start":{"line":4,"column":25},"end":{"line":72,"column":1}},"1":{"start":{"line":5,"column":2},"end":{"line":8,"column":8}},"2":{"start":{"line":7,"column":4},"end":{"line":7,"column":71}},"3":{"start":{"line":11,"column":14},"end":{"line":11,"column":46}},"4":{"start":{"line":12,"column":4},"end":{"line":12,"column":34}},"5":{"start":{"line":12,"column":27},"end":{"line":12,"column":34}},"6":{"start":{"line":13,"column":4},"end":{"line":13,"column":26}},"7":{"start":{"line":16,"column":24},"end":{"line":67,"column":3}},"8":{"start":{"line":17,"column":4},"end":{"line":65,"column":5}},"9":{"start":{"line":18,"column":20},"end":{"line":18,"column":57}},"10":{"start":{"line":19,"column":6},"end":{"line":63,"column":7}},"11":{"start":{"line":19,"column":19},"end":{"line":19,"column":20}},"12":{"start":{"line":20,"column":21},"end":{"line":20,"column":29}},"13":{"start":{"line":21,"column":8},"end":{"line":62,"column":9}},"14":{"start":{"line":27,"column":21},"end":{"line":27,"column":37}},"15":{"start":{"line":28,"column":21},"end":{"line":28,"column":38}},"16":{"start":{"line":29,"column":21},"end":{"line":29,"column":54}},"17":{"start":{"line":30,"column":21},"end":{"line":30,"column":53}},"18":{"start":{"line":34,"column":12},"end":{"line":35,"column":78}},"19":{"start":{"line":38,"column":12},"end":{"line":39,"column":74}},"20":{"start":{"line":42,"column":12},"end":{"line":43,"column":72}},"21":{"start":{"line":46,"column":12},"end":{"line":47,"column":72}},"22":{"start":{"line":50,"column":12},"end":{"line":51,"column":74}},"23":{"start":{"line":54,"column":12},"end":{"line":55,"column":75}},"24":{"start":{"line":58,"column":10},"end":{"line":60,"column":11}},"25":{"start":{"line":59,"column":12},"end":{"line":59,"column":51}},"26":{"start":{"line":61,"column":10},"end":{"line":61,"column":50}},"27":{"start":{"line":64,"column":6},"end":{"line":64,"column":46}},"28":{"start":{"line":66,"column":4},"end":{"line":66,"column":26}},"29":{"start":{"line":69,"column":2},"end":{"line":71,"column":3}}},"fnMap":{"0":{"name":"(anonymous_0)","decl":{"start":{"line":4,"column":25},"end":{"line":4,"column":26}},"loc":{"start":{"line":4,"column":59},"end":{"line":72,"column":1}},"line":4},"1":{"name":"(anonymous_1)","decl":{"start":{"line":5,"column":12},"end":{"line":5,"column":13}},"loc":{"start":{"line":5,"column":18},"end":{"line":8,"column":3}},"line":5},"2":{"name":"formatPostionVal","decl":{"start":{"line":10,"column":11},"end":{"line":10,"column":27}},"loc":{"start":{"line":10,"column":37},"end":{"line":14,"column":3}},"line":10},"3":{"name":"(anonymous_3)","decl":{"start":{"line":16,"column":24},"end":{"line":16,"column":25}},"loc":{"start":{"line":16,"column":58},"end":{"line":67,"column":3}},"line":16}},"branchMap":{"0":{"loc":{"start":{"line":12,"column":4},"end":{"line":12,"column":34}},"type":"if","locations":[{"start":{"line":12,"column":4},"end":{"line":12,"column":34}},{"start":{},"end":{}}],"line":12},"1":{"loc":{"start":{"line":17,"column":4},"end":{"line":65,"column":5}},"type":"if","locations":[{"start":{"line":17,"column":4},"end":{"line":65,"column":5}},{"start":{},"end":{}}],"line":17},"2":{"loc":{"start":{"line":21,"column":8},"end":{"line":62,"column":9}},"type":"if","locations":[{"start":{"line":21,"column":8},"end":{"line":62,"column":9}},{"start":{},"end":{}}],"line":21},"3":{"loc":{"start":{"line":22,"column":10},"end":{"line":25,"column":56}},"type":"binary-expr","locations":[{"start":{"line":22,"column":10},"end":{"line":22,"column":38}},{"start":{"line":23,"column":10},"end":{"line":23,"column":47}},{"start":{"line":24,"column":10},"end":{"line":24,"column":53}},{"start":{"line":25,"column":10},"end":{"line":25,"column":56}}],"line":22},"4":{"loc":{"start":{"line":34,"column":12},"end":{"line":35,"column":78}},"type":"binary-expr","locations":[{"start":{"line":34,"column":13},"end":{"line":34,"column":22}},{"start":{"line":34,"column":26},"end":{"line":34,"column":36}},{"start":{"line":34,"column":40},"end":{"line":34,"column":53}},{"start":{"line":34,"column":57},"end":{"line":34,"column":71}},{"start":{"line":35,"column":13},"end":{"line":35,"column":22}},{"start":{"line":35,"column":26},"end":{"line":35,"column":35}},{"start":{"line":35,"column":39},"end":{"line":35,"column":56}},{"start":{"line":35,"column":60},"end":{"line":35,"column":77}}],"line":34},"5":{"loc":{"start":{"line":38,"column":12},"end":{"line":39,"column":74}},"type":"binary-expr","locations":[{"start":{"line":38,"column":13},"end":{"line":38,"column":23}},{"start":{"line":38,"column":27},"end":{"line":38,"column":36}},{"start":{"line":38,"column":40},"end":{"line":38,"column":57}},{"start":{"line":38,"column":61},"end":{"line":38,"column":74}},{"start":{"line":39,"column":13},"end":{"line":39,"column":21}},{"start":{"line":39,"column":25},"end":{"line":39,"column":34}},{"start":{"line":39,"column":38},"end":{"line":39,"column":55}},{"start":{"line":39,"column":59},"end":{"line":39,"column":73}}],"line":38},"6":{"loc":{"start":{"line":42,"column":12},"end":{"line":43,"column":72}},"type":"binary-expr","locations":[{"start":{"line":42,"column":13},"end":{"line":42,"column":22}},{"start":{"line":42,"column":26},"end":{"line":42,"column":36}},{"start":{"line":42,"column":40},"end":{"line":42,"column":57}},{"start":{"line":42,"column":61},"end":{"line":42,"column":75}},{"start":{"line":43,"column":13},"end":{"line":43,"column":22}},{"start":{"line":43,"column":26},"end":{"line":43,"column":36}},{"start":{"line":43,"column":40},"end":{"line":43,"column":53}},{"start":{"line":43,"column":57},"end":{"line":43,"column":71}}],"line":42},"7":{"loc":{"start":{"line":46,"column":12},"end":{"line":47,"column":72}},"type":"binary-expr","locations":[{"start":{"line":46,"column":13},"end":{"line":46,"column":22}},{"start":{"line":46,"column":26},"end":{"line":46,"column":36}},{"start":{"line":46,"column":40},"end":{"line":46,"column":57}},{"start":{"line":46,"column":61},"end":{"line":46,"column":75}},{"start":{"line":47,"column":13},"end":{"line":47,"column":22}},{"start":{"line":47,"column":26},"end":{"line":47,"column":36}},{"start":{"line":47,"column":40},"end":{"line":47,"column":53}},{"start":{"line":47,"column":57},"end":{"line":47,"column":71}}],"line":46},"8":{"loc":{"start":{"line":50,"column":12},"end":{"line":51,"column":74}},"type":"binary-expr","locations":[{"start":{"line":50,"column":13},"end":{"line":50,"column":23}},{"start":{"line":50,"column":27},"end":{"line":50,"column":36}},{"start":{"line":50,"column":40},"end":{"line":50,"column":54}},{"start":{"line":50,"column":58},"end":{"line":50,"column":71}},{"start":{"line":51,"column":13},"end":{"line":51,"column":21}},{"start":{"line":51,"column":25},"end":{"line":51,"column":35}},{"start":{"line":51,"column":39},"end":{"line":51,"column":56}},{"start":{"line":51,"column":60},"end":{"line":51,"column":73}}],"line":50},"9":{"loc":{"start":{"line":54,"column":12},"end":{"line":55,"column":75}},"type":"binary-expr","locations":[{"start":{"line":54,"column":13},"end":{"line":54,"column":22}},{"start":{"line":54,"column":26},"end":{"line":54,"column":36}},{"start":{"line":54,"column":40},"end":{"line":54,"column":57}},{"start":{"line":54,"column":61},"end":{"line":54,"column":75}},{"start":{"line":55,"column":13},"end":{"line":55,"column":22}},{"start":{"line":55,"column":26},"end":{"line":55,"column":36}},{"start":{"line":55,"column":40},"end":{"line":55,"column":53}},{"start":{"line":55,"column":57},"end":{"line":55,"column":74}}],"line":54},"10":{"loc":{"start":{"line":58,"column":10},"end":{"line":60,"column":11}},"type":"if","locations":[{"start":{"line":58,"column":10},"end":{"line":60,"column":11}},{"start":{},"end":{}}],"line":58},"11":{"loc":{"start":{"line":58,"column":14},"end":{"line":58,"column":68}},"type":"binary-expr","locations":[{"start":{"line":58,"column":14},"end":{"line":58,"column":21}},{"start":{"line":58,"column":25},"end":{"line":58,"column":32}},{"start":{"line":58,"column":36},"end":{"line":58,"column":41}},{"start":{"line":58,"column":45},"end":{"line":58,"column":50}},{"start":{"line":58,"column":54},"end":{"line":58,"column":59}},{"start":{"line":58,"column":63},"end":{"line":58,"column":68}}],"line":58}},"s":{"0":1,"1":0,"2":0,"3":0,"4":0,"5":0,"6":0,"7":0,"8":0,"9":0,"10":0,"11":0,"12":0,"13":0,"14":0,"15":0,"16":0,"17":0,"18":0,"19":0,"20":0,"21":0,"
[...]
,"column":38},"end":{"line":5,"column":53}},"1":{"start":{"line":8,"column":29},"end":{"line":103,"column":2}},"2":{"start":{"line":10,"column":29},"end":{"line":12,"column":4}},"3":{"start":{"line":15,"column":2},"end":{"line":26,"column":8}},"4":{"start":{"line":16,"column":4},"end":{"line":25,"column":5}},"5":{"start":{"line":17,"column":24},"end":{"line":17,"column":71}},"6":{"start":{"line":18,"column":6},"end":{"line":24,"column":7}},"7":{"start":{"line":18,"column":19},"end":{"line":18,"column":20}},"8":{"start":{"line":19,"column":21},"end":{"line":19,"column":33}},"9":{"start":{"line":20,"column":8},"end":{"line":23,"column":9}},"10":{"start":{"line":21,"column":10},"end":{"line":21,"column":30}},"11":{"start":{"line":22,"column":10},"end":{"line":22,"column":16}},"12":{"start":{"line":28,"column":2},"end":{"line":68,"column":4}},"13":{"start":{"line":33,"column":24},"end":{"line":33,"column":71}},"14":{"start":{"line":34,"column":6},"end":{"line":66,"column":7}},"15":{"start":{"line":34,"column":19},"end":{"line":34,"column":20}},"16":{"start":{"line":35,"column":21},"end":{"line":35,"column":33}},"17":{"start":{"line":36,"column":20},"end":{"line":36,"column":24}},"18":{"start":{"line":37,"column":8},"end":{"line":40,"column":9}},"19":{"start":{"line":39,"column":10},"end":{"line":39,"column":50}},"20":{"start":{"line":41,"column":8},"end":{"line":44,"column":9}},"21":{"start":{"line":43,"column":10},"end":{"line":43,"column":51}},"22":{"start":{"line":45,"column":8},"end":{"line":65,"column":9}},"23":{"start":{"line":46,"column":45},"end":{"line":46,"column":66}},"24":{"start":{"line":47,"column":85},"end":{"line":57,"column":12}},"25":{"start":{"line":58,"column":10},"end":{"line":63,"column":12}},"26":{"start":{"line":64,"column":10},"end":{"line":64,"column":16}},"27":{"start":{"line":70,"column":2},"end":{"line":102,"column":3}},"28":{"start":{"line":74,"column":10},"end":{"line":74,"column":55}},"29":{"start":{"line":77,"column":10},"end":{"line":77,"column":49}},"30":{"start":{"line":80,"column":10},"end":{"line":87,"column":11}},"31":{"start":{"line":81,"column":30},"end":{"line":81,"column":61}},"32":{"start":{"line":82,"column":12},"end":{"line":82,"column":40}},"33":{"start":{"line":83,"column":12},"end":{"line":86,"column":13}},"34":{"start":{"line":90,"column":28},"end":{"line":90,"column":59}},"35":{"start":{"line":91,"column":10},"end":{"line":91,"column":28}},"36":{"start":{"line":92,"column":10},"end":{"line":95,"column":11}},"37":{"start":{"line":105,"column":0},"end":{"line":112,"column":1}},"38":{"start":{"line":114,"column":0},"end":{"line":119,"column":1}}},"fnMap":{"0":{"name":"(anonymous_0)","decl":{"start":{"line":8,"column":34},"end":{"line":8,"column":35}},"loc":{"start":{"line":8,"column":45},"end":{"line":103,"column":1}},"line":8},"1":{"name":"(anonymous_1)","decl":{"start":{"line":15,"column":12},"end":{"line":15,"column":13}},"loc":{"start":{"line":15,"column":18},"end":{"line":26,"column":3}},"line":15},"2":{"name":"(anonymous_2)","decl":{"start":{"line":32,"column":28},"end":{"line":32,"column":29}},"loc":{"start":{"line":32,"column":77},"end":{"line":67,"column":5}},"line":32},"3":{"name":"(anonymous_3)","decl":{"start":{"line":73,"column":30},"end":{"line":73,"column":31}},"loc":{"start":{"line":73,"column":40},"end":{"line":75,"column":9}},"line":73},"4":{"name":"(anonymous_4)","decl":{"start":{"line":76,"column":35},"end":{"line":76,"column":36}},"loc":{"start":{"line":76,"column":41},"end":{"line":78,"column":9}},"line":76},"5":{"name":"(anonymous_5)","decl":{"start":{"line":79,"column":28},"end":{"line":79,"column":29}},"loc":{"start":{"line":79,"column":54},"end":{"line":88,"column":9}},"line":79},"6":{"name":"(anonymous_6)","decl":{"start":{"line":89,"column":30},"end":{"line":89,"column":31}},"loc":{"start":{"line":89,"column":38},"end":{"line":96,"column":9}},"line":89}},"branchMap":{"0":{"loc":{"start":{"line":16,"column":4},"end":{"line":25,"column":5}},"type":"if","locations":[{"start":{"line":16,"column":4},"end":{"line":25,"column":5}},{"start":{},"end":{}}],"line":16},"1":{"loc":{"start":{"line":20,"column":8},"end":{"line":23,"column":9}},"type":"if","locations":[{"start":{"line":20,"column":8},"end":{"line":23,"column":9}},{"start":{},"end":{}}],"line":20},"2":{"loc":{"start":{"line":37,"column":8},"end":{"line":40,"column":9}},"type":"if","locations":[{"start":{"line":37,"column":8},"end":{"line":40,"column":9}},{"start":{},"end":{}}],"line":37},"3":{"loc":{"start":{"line":37,"column":12},"end":{"line":37,"column":82}},"type":"binary-expr","locations":[{"start":{"line":37,"column":12},"end":{"line":37,"column":51}},{"start":{"line":37,"column":55},"end":{"line":37,"column":82}}],"line":37},"4":{"loc":{"start":{"line":41,"column":8},"end":{"line":44,"column":9}},"type":"if","locations":[{"start":{"line":41,"column":8},"end":{"line":44,"column":9}},{"start":{},"end":{}}],"line":41},"5":{"loc":{"start":{"line":45,"column":8},"end":{"line":65,"column":9}},"type":"if","locations":[{"start":{"line":45,"column":8},"end":{"line":65,"column":9}},{"start":{},"end":{}}],"line":45},"6":{"loc":{"start":{"line":80,"column":10},"end":{"line":87,"column":11}},"type":"if","locations":[{"start":{"line":80,"column":10},"end":{"line":87,"column":11}},{"start":{},"end":{}}],"line":80},"7":{"loc":{"start":{"line":99,"column":8},"end":{"line":99,"column":29}},"type":"binary-expr","locations":[{"start":{"line":99,"column":8},"end":{"line":99,"column":23}},{"start":{"line":99,"column":27},"end":{"line":99,"column":29}}],"line":99}},"s":{"0":1,"1":1,"2":0,"3":0,"4":0,"5":0,"6":0,"7":0,"8":0,"9":0,"10":0,"11":0,"12":0,"13":0,"14":0,"15":0,"16":0,"17":0,"18":0,"19":0,"20":0,"21":0,"22":0,"23":0,"24":0,"25":0,"26":0,"27":0,"28":0,"29":0,"30":0,"31":0,"32":0,"33":0,"34":0,"35":0,"36":0,"37":1,"38":1},"f":{"0":0,"1":0,"2":0,"3":0,"4":0,"5":0,"6":0},"b":{"0":[0,0],"1":[0,0],"2":[0,0],"3":[0,0],"4":[0,0],"5":[0,0],"6":[0,0],"7":[0,0]},"_coverageSchema":"1a1c01bbd47fc00a2c39e90264f33305004495a9","hash":"3f5717caadbafd91e43588aa5668b69d6006cf92"}
,"C:\\Users\\ljh\\Desktop\\开源项目\\react-drag-resize-growth\\src\\components\\hooks\\usekeyDirection.js": {"path":"C:\\Users\\ljh\\Desktop\\开源项目\\react-drag-resize-growth\\src\\components\\hooks\\usekeyDirection.js","statementMap":{"0":{"start":{"line":5,"column":24},"end":{"line":101,"column":1}},"1":{"start":{"line":8,"column":25},"end":{"line":50,"column":3}},"2":{"start":{"line":10,"column":15},"end":{"line":10,"column":31}},"3":{"start":{"line":11,"column":16},"end":{"line":11,"column":33}},"4":{"start":{"line":12,"column":14},"end":{"line":12,"column":29}},"5":{"start":{"line":13,"column":17},"end":{"line":13,"column":35}},"6":{"start":{"line":15,"column":4},"end":{"line":43,"column":5}},"7":{"start":{"line":16,"column":6},"end":{"line":21,"column":7}},"8":{"start":{"line":17,"column":8},"end":{"line":17,"column":28}},"9":{"start":{"line":19,"column":8},"end":{"line":19,"column":26}},"10":{"start":{"line":20,"column":8},"end":{"line":20,"column":28}},"11":{"start":{"line":22,"column":11},"end":{"line":43,"column":5}},"12":{"start":{"line":23,"column":6},"end":{"line":28,"column":7}},"13":{"start":{"line":24,"column":8},"end":{"line":24,"column":30}},"14":{"start":{"line":26,"column":8},"end":{"line":26,"column":24}},"15":{"start":{"line":27,"column":8},"end":{"line":27,"column":30}},"16":{"start":{"line":29,"column":11},"end":{"line":43,"column":5}},"17":{"start":{"line":30,"column":6},"end":{"line":35,"column":7}},"18":{"start":{"line":31,"column":8},"end":{"line":31,"column":28}},"19":{"start":{"line":33,"column":8},"end":{"line":33,"column":28}},"20":{"start":{"line":34,"column":8},"end":{"line":34,"column":26}},"21":{"start":{"line":36,"column":11},"end":{"line":43,"column":5}},"22":{"start":{"line":37,"column":6},"end":{"line":42,"column":7}},"23":{"start":{"line":38,"column":8},"end":{"line":38,"column":30}},"24":{"start":{"line":40,"column":8},"end":{"line":40,"column":30}},"25":{"start":{"line":41,"column":8},"end":{"line":41,"column":24}},"26":{"start":{"line":44,"column":4},"end":{"line":49,"column":5}},"27":{"start":{"line":53,"column":27},"end":{"line":88,"column":3}},"28":{"start":{"line":55,"column":20},"end":{"line":55,"column":57}},"29":{"start":{"line":56,"column":4},"end":{"line":58,"column":5}},"30":{"start":{"line":57,"column":6},"end":{"line":57,"column":12}},"31":{"start":{"line":59,"column":21},"end":{"line":59,"column":32}},"32":{"start":{"line":60,"column":19},"end":{"line":60,"column":28}},"33":{"start":{"line":62,"column":15},"end":{"line":62,"column":28}},"34":{"start":{"line":63,"column":20},"end":{"line":63,"column":24}},"35":{"start":{"line":64,"column":4},"end":{"line":66,"column":5}},"36":{"start":{"line":65,"column":6},"end":{"line":65,"column":31}},"37":{"start":{"line":67,"column":4},"end":{"line":79,"column":5}},"38":{"start":{"line":68,"column":6},"end":{"line":68,"column":24}},"39":{"start":{"line":69,"column":6},"end":{"line":69,"column":25}},"40":{"start":{"line":70,"column":11},"end":{"line":79,"column":5}},"41":{"start":{"line":71,"column":6},"end":{"line":71,"column":23}},"42":{"start":{"line":72,"column":6},"end":{"line":72,"column":25}},"43":{"start":{"line":73,"column":11},"end":{"line":79,"column":5}},"44":{"start":{"line":74,"column":6},"end":{"line":74,"column":25}},"45":{"start":{"line":75,"column":6},"end":{"line":75,"column":25}},"46":{"start":{"line":76,"column":11},"end":{"line":79,"column":5}},"47":{"start":{"line":77,"column":6},"end":{"line":77,"column":26}},"48":{"start":{"line":78,"column":6},"end":{"line":78,"column":25}},"49":{"start":{"line":80,"column":4},"end":{"line":87,"column":5}},"50":{"start":{"line":81,"column":6},"end":{"line":86,"column":8}},"51":{"start":{"line":90,"column":2},"end":{"line":100,"column":65}},"52":{"start":{"line":92,"column":4},"end":{"line":99,"column":5}},"53":{"start":{"line":93,"column":6},"end":{"line":93,"column":27}},"54":{"start":{"line":95,"column":6},"end":{"line":95,"column":60}},"55":{"start":{"line":96,"column":6},"end":{"line":98,"column":7}},"56":{"start":{"line":97,"column":8},"end":{"line":97,"column":65}}},"fnMap":{"0":{"name":"(anonymous_0)","decl":{"start":{"line":5,"column":24},"end":{"line":5,"column":25}},"loc":{"start":{"line":5,"column":101},"end":{"line":101,"column":1}},"line":5},"1":{"name":"(anonymous_1)","decl":{"start":{"line":8,"column":25},"end":{"line":8,"column":26}},"loc":{"start":{"line":8,"column":71},"end":{"line":50,"column":3}},"line":8},"2":{"name":"(anonymous_2)","decl":{"start":{"line":53,"column":27},"end":{"line":53,"column":28}},"loc":{"start":{"line":53,"column":35},"end":{"line":88,"column":3}},"line":53},"3":{"name":"(anonymous_3)","decl":{"start":{"line":90,"column":12},"end":{"line":90,"column":13}},"loc":{"start":{"line":90,"column":18},"end":{"line":100,"column":3}},"line":90},"4":{"name":"(anonymous_4)","decl":{"start":{"line":96,"column":13},"end":{"line":96,"column":14}},"loc":{"start":{"line":96,"column":19},"end":{"line":98,"column":7}},"line":96}},"branchMap":{"0":{"loc":{"start":{"line":15,"column":4},"end":{"line":43,"column":5}},"type":"if","locations":[{"start":{"line":15,"column":4},"end":{"line":43,"column":5}},{"start":{"line":22,"column":11},"end":{"line":43,"column":5}}],"line":15},"1":{"loc":{"start":{"line":16,"column":6},"end":{"line":21,"column":7}},"type":"if","locations":[{"start":{"line":16,"column":6},"end":{"line":21,"column":7}},{"start":{"line":18,"column":13},"end":{"line":21,"column":7}}],"line":16},"2":{"loc":{"start":{"line":22,"column":11},"end":{"line":43,"column":5}},"type":"if","locations":[{"start":{"line":22,"column":11},"end":{"line":43,"column":5}},{"start":{"line":29,"column":11},"end":{"line":43,"column":5}}],"line":22},"3":{"loc":{"start":{"line":23,"column":6},"end":{"line":28,"column":7}},"type":"if","locations":[{"start":{"line":23,"column":6},"end":{"line":28,"column":7}},{"start":{"line":25,"column":13},"end":{"line":28,"column":7}}],"line":23},"4":{"loc":{"start":{"line":29,"column":11},"end":{"line":43,"column":5}},"type":"if","locations":[{"start":{"line":29,"column":11},"end":{"line":43,"column":5}},{"start":{"line":36,"column":11},"end":{"line":43,"column":5}}],"line":29},"5":{"loc":{"start":{"line":30,"column":6},"end":{"line":35,"column":7}},"type":"if","locations":[{"start":{"line":30,"column":6},"end":{"line":35,"column":7}},{"start":{"line":32,"column":13},"end":{"line":35,"column":7}}],"line":30},"6":{"loc":{"start":{"line":36,"column":11},"end":{"line":43,"column":5}},"type":"if","locations":[{"start":{"line":36,"column":11},"end":{"line":43,"column":5}},{"start":{},"end":{}}],"line":36},"7":{"loc":{"start":{"line":37,"column":6},"end":{"line":42,"column":7}},"type":"if","locations":[{"start":{"line":37,"column":6},"end":{"line":42,"column":7}},{"start":{"line":39,"column":13},"end":{"line":42,"column":7}}],"line":37},"8":{"loc":{"start":{"line":55,"column":20},"end":{"line":55,"column":57}},"type":"binary-expr","locations":[{"start":{"line":55,"column":20},"end":{"line":55,"column":30}},{"start":{"line":55,"column":34},"end":{"line":55,"column":42}},{"start":{"line":55,"column":46},"end":{"line":55,"column":57}}],"line":55},"9":{"loc":{"start":{"line":56,"column":4},"end":{"line":58,"column":5}},"type":"if","locations":[{"start":{"line":56,"column":4},"end":{"line":58,"column":5}},{"start":{},"end":{}}],"line":56},"10":{"loc":{"start":{"line":64,"column":4},"end":{"line":66,"column":5}},"type":"if","locations":[{"start":{"line":64,"column":4},"end":{"line":66,"column":5}},{"start":{},"end":{}}],"line":64},"11":{"loc":{"start":{"line":67,"column":4},"end":{"line":79,"column":5}},"type":"if","locations":[{"start":{"line":67,"column":4},"end":{"line":79,"column":5}},{"start":{"line":70,"column":11},"end":{"line":79,"column":5}}],"line":67},"12":{"loc":{"start":{"line":70,"column":11},"end":{"line":79,"column":5}},"type":"if","locations":[{"start":{"line":70,"column":11},"end":{"line":79,"column":5}},{"start":{"line":73,"column":11},"end":{"line":79,"column":5}}],"line":70},"13":{"loc":{"start":{"line":73,"column":11},"end":{"line":79,"column":5}},"type":"if","locations":[{"start":{"line":73,"column":11},"end":{"line":79,"column":5}},{"start":{"line":76,"column":11},"end":{"line":79,"column":5}}],"line":73},"14":{"loc":{"start":{"line":76,"column":11},"end":{"line":79,"column":5}},"type":"if","locations":[{"start":{"line":76,"column":11},"end":{"line":79,"column":5}},{"start":{},"end":{}}],"line":76},"15":{"loc":{"start":{"line":80,"column":4},"end":{"line":87,"column":5}},"type":"if","locations":[{"start":{"line":80,"column":4},"end":{"line":87,"column":5}},{"start":{},"end":{}}],"line":80},"16":{"loc":{"start":{"line":92,"column":4},"end":{"line":99,"column":5}},"type":"if","locations":[{"start":{"line":92,"column":4},"end":{"line":99,"column":5}},{"start":{},"end":{}}],"line":92}},"s":{"0":1,"1":0,"2":0,"3":0,"4":0,"5":0,"6":0,"7":0,"8":0,"9":0,"10":0,"11":0,"12":0,"13":0,"14":0,"15":0,"16":0,"17":0,"18":0,"19":0,"20":0,"21":0,"22":0,"23":0,"24":0,"25":0,"26":0,"27":0,"28":0,"29":0,"30":0,"31":0,"32":0,"33":0,"34":0,"35":0,"36":0,"37":0,"38":0,"39":0,"40":0,"41":0,"42":0,"43":0,"44":0,"45":0,"46":0,"47":0,"48":0,"49":0,"50":0,"51":0,"52":0,"53":0,"54":0,"55":0,"56":0},"f":{"0":0,"1":0,"2":0,"3":0,"4":0},"b":{"0":[0,0],"1":[0,0],"2":[0,0],"3":[0,0],"4":[0,0],"5":[0,0],"6":[0,0],"7":[0,0],"8":[0,0,0],"9":[0,0],"10":[0,0],"11":[0,0],"12":[0,0],"13":[0,0],"14":[0,0],"15":[0,0],"16":[0,0]},"_coverageSchema":"1a1c01bbd47fc00a2c39e90264f33305004495a9","hash":"a75e52a47c452c96a933afcf846054b3ad6de894"}
,"C:\\Users\\ljh\\Desktop\\开源项目\\react-drag-resize-growth\\src\\hooks\\useSyncState.js": {"path":"C:\\Users\\ljh\\Desktop\\开源项目\\react-drag-resize-growth\\src\\hooks\\useSyncState.js","statementMap":{"0":{"start":{"line":4,"column":21},"end":{"line":22,"column":1}},"1":{"start":{"line":6,"column":18},"end":{"line":6,"column":22}},"2":{"start":{"line":7,"column":22},"end":{"line":7,"column":26}},"3":{"start":{"line":8,"column":19},"end":{"line":8,"column":32}},"4":{"start":{"line":9,"column":2},"end":{"line":13,"column":3}},"5":{"start":{"line":10,"column":28},"end":{"line":10,"column":43}},"6":{"start":{"line":11,"column":4},"end":{"line":11,"column":20}},"7":{"start":{"line":12,"column":4},"end":{"line":12,"column":27}},"8":{"start":{"line":15,"column":23},"end":{"line":20,"column":3}},"9":{"start":{"line":16,"column":4},"end":{"line":18,"column":5}},"10":{"start":{"line":17,"column":6},"end":{"line":17,"column":29}},"11":{"start":{"line":19,"column":4},"end":{"line":19,"column":31}},"12":{"start":{"line":21,"column":2},"end":{"line":21,"column":44}}},"fnMap":{"0":{"name":"(anonymous_0)","decl":{"start":{"line":4,"column":21},"end":{"line":4,"column":22}},"loc":{"start":{"line":4,"column":48},"end":{"line":22,"column":1}},"line":4},"1":{"name":"(anonymous_1)","decl":{"start":{"line":15,"column":23},"end":{"line":15,"column":24}},"loc":{"start":{"line":15,"column":37},"end":{"line":20,"column":3}},"line":15}},"branchMap":{"0":{"loc":{"start":{"line":4,"column":29},"end":{"line":4,"column":43}},"type":"default-arg","locations":[{"start":{"line":4,"column":39},"end":{"line":4,"column":43}}],"line":4},"1":{"loc":{"start":{"line":9,"column":2},"end":{"line":13,"column":3}},"type":"if","locations":[{"start":{"line":9,"column":2},"end":{"line":13,"column":3}},{"start":{},"end":{}}],"line":9},"2":{"loc":{"start":{"line":16,"column":4},"end":{"line":18,"column":5}},"type":"if","locations":[{"start":{"line":16,"column":4},"end":{"line":18,"column":5}},{"start":{},"end":{}}],"line":16}},"s":{"0":1,"1":0,"2":0,"3":0,"4":0,"5":0,"6":0,"7":0,"8":0,"9":0,"10":0,"11":0,"12":0},"f":{"0":0,"1":0},"b":{"0":[0],"1":[0,0],"2":[0,0]},"_coverageSchema":"1a1c01bbd47fc00a2c39e90264f33305004495a9","hash":"19483e0455862edbfedc3029bab055c28405c389"}
,"C:\\Users\\ljh\\Desktop\\开源项目\\react-drag-resize-growth\\src\\hooks\\useWatch.js": {"path":"C:\\Users\\ljh\\Desktop\\开源项目\\react-drag-resize-growth\\src\\hooks\\useWatch.js","statementMap":{"0":{"start":{"line":4,"column":17},"end":{"line":21,"column":1}},"1":{"start":{"line":5,"column":19},"end":{"line":5,"column":27}},"2":{"start":{"line":6,"column":18},"end":{"line":6,"column":31}},"3":{"start":{"line":7,"column":2},"end":{"line":20,"column":13}},"4":{"start":{"line":8,"column":4},"end":{"line":17,"column":5}},"5":{"start":{"line":9,"column":6},"end":{"line":9,"column":33}},"6":{"start":{"line":11,"column":6},"end":{"line":11,"column":28}},"7":{"start":{"line":14,"column":6},"end":{"line":16,"column":7}},"8":{"start":{"line":15,"column":8},"end":{"line":15,"column":35}},"9":{"start":{"line":19,"column":4},"end":{"line":19,"column":28}}},"fnMap":{"0":{"name":"(anonymous_0)","decl":{"start":{"line":4,"column":17},"end":{"line":4,"column":18}},"loc":{"start":{"line":4,"column":63},"end":{"line":21,"column":1}},"line":4},"1":{"name":"(anonymous_1)","decl":{"start":{"line":7,"column":12},"end":{"line":7,"column":13}},"loc":{"start":{"line":7,"column":18},"end":{"line":20,"column":3}},"line":7}},"branchMap":{"0":{"loc":{"start":{"line":4,"column":29},"end":{"line":4,"column":58}},"type":"default-arg","locations":[{"start":{"line":4,"column":38},"end":{"line":4,"column":58}}],"line":4},"1":{"loc":{"start":{"line":8,"column":4},"end":{"line":17,"column":5}},"type":"if","locations":[{"start":{"line":8,"column":4},"end":{"line":17,"column":5}},{"start":{"line":10,"column":11},"end":{"line":17,"column":5}}],"line":8},"2":{"loc":{"start":{"line":14,"column":6},"end":{"line":16,"column":7}},"type":"if","locations":[{"start":{"line":14,"column":6},"end":{"line":16,"column":7}},{"start":{},"end":{}}],"line":14}},"s":{"0":1,"1":0,"2":0,"3":0,"4":0,"5":0,"6":0,"7":0,"8":0,"9":0},"f":{"0":0,"1":0},"b":{"0":[0],"1":[0,0],"2":[0,0]},"_coverageSchema":"1a1c01bbd47fc00a2c39e90264f33305004495a9","hash":"30182a4983f18b14134ec32f67a73e9c8932366d"}
}
