TN:
SF:src\components\ReactDragResize\ReactDragResize.tsx
FN:12,addEvents
FN:13,(anonymous_1)
FN:18,removeEvents
FN:19,(anonymous_3)
FN:107,(anonymous_4)
FN:150,(anonymous_5)
FN:167,(anonymous_6)
FN:182,(anonymous_7)
FN:184,(anonymous_8)
FN:189,(anonymous_9)
FN:197,(anonymous_10)
FN:219,(anonymous_11)
FN:243,(anonymous_12)
FN:253,(anonymous_13)
FN:263,(anonymous_14)
FN:272,(anonymous_15)
FN:283,(anonymous_16)
FN:292,(anonymous_17)
FN:300,(anonymous_18)
FN:304,(anonymous_19)
FN:310,(anonymous_20)
FN:323,(anonymous_21)
FN:328,(anonymous_22)
FN:335,(anonymous_23)
FN:340,(anonymous_24)
FN:350,(anonymous_25)
FN:356,(anonymous_26)
FN:368,(anonymous_27)
FN:374,(anonymous_28)
FN:388,(anonymous_29)
FN:396,(anonymous_30)
FN:398,(anonymous_31)
FN:401,(anonymous_32)
FN:409,deselect
FN:416,changeActiveHandel
FN:422,calcResizeLimits
FN:523,stickDown
FN:557,bodyDown
FN:573,(anonymous_38)
FN:620,calcDragLimitation
FN:629,move
FN:667,stickMove
FN:757,rectCorrectionByAspectRatio
FN:799,bodyMove
FN:870,rectCorrectionByLimit
FN:886,sideCorrectionByLimit
FN:898,up
FN:936,stickUp
FN:981,bodyUp
FN:1032,saveDimensionsBeforeMove
FN:1056,(anonymous_50)
FN:1059,(anonymous_51)
FN:1062,(anonymous_52)
FN:1071,(anonymous_53)
FN:1078,(anonymous_54)
FN:1087,(anonymous_55)
FN:1090,(anonymous_56)
FNF:57
FNH:0
FNDA:0,addEvents
FNDA:0,(anonymous_1)
FNDA:0,removeEvents
FNDA:0,(anonymous_3)
FNDA:0,(anonymous_4)
FNDA:0,(anonymous_5)
FNDA:0,(anonymous_6)
FNDA:0,(anonymous_7)
FNDA:0,(anonymous_8)
FNDA:0,(anonymous_9)
FNDA:0,(anonymous_10)
FNDA:0,(anonymous_11)
FNDA:0,(anonymous_12)
FNDA:0,(anonymous_13)
FNDA:0,(anonymous_14)
FNDA:0,(anonymous_15)
FNDA:0,(anonymous_16)
FNDA:0,(anonymous_17)
FNDA:0,(anonymous_18)
FNDA:0,(anonymous_19)
FNDA:0,(anonymous_20)
FNDA:0,(anonymous_21)
FNDA:0,(anonymous_22)
FNDA:0,(anonymous_23)
FNDA:0,(anonymous_24)
FNDA:0,(anonymous_25)
FNDA:0,(anonymous_26)
FNDA:0,(anonymous_27)
FNDA:0,(anonymous_28)
FNDA:0,(anonymous_29)
FNDA:0,(anonymous_30)
FNDA:0,(anonymous_31)
FNDA:0,(anonymous_32)
FNDA:0,deselect
FNDA:0,changeActiveHandel
FNDA:0,calcResizeLimits
FNDA:0,stickDown
FNDA:0,bodyDown
FNDA:0,(anonymous_38)
FNDA:0,calcDragLimitation
FNDA:0,move
FNDA:0,stickMove
FNDA:0,rectCorrectionByAspectRatio
FNDA:0,bodyMove
FNDA:0,rectCorrectionByLimit
FNDA:0,sideCorrectionByLimit
FNDA:0,up
FNDA:0,stickUp
FNDA:0,bodyUp
FNDA:0,saveDimensionsBeforeMove
FNDA:0,(anonymous_50)
FNDA:0,(anonymous_51)
FNDA:0,(anonymous_52)
FNDA:0,(anonymous_53)
FNDA:0,(anonymous_54)
FNDA:0,(anonymous_55)
FNDA:0,(anonymous_56)
DA:13,0
DA:14,0
DA:19,0
DA:20,0
DA:24,1
DA:37,1
DA:106,1
DA:108,0
DA:109,0
DA:112,0
DA:113,0
DA:114,0
DA:115,0
DA:128,0
DA:129,0
DA:136,0
DA:137,0
DA:138,0
DA:139,0
DA:140,0
DA:141,0
DA:142,0
DA:143,0
DA:144,0
DA:145,0
DA:148,0
DA:150,0
DA:152,0
DA:153,0
DA:156,0
DA:157,0
DA:158,0
DA:161,0
DA:162,0
DA:163,0
DA:164,0
DA:167,0
DA:168,0
DA:169,0
DA:170,0
DA:176,0
DA:177,0
DA:179,0
DA:182,0
DA:185,0
DA:186,0
DA:187,0
DA:190,0
DA:191,0
DA:193,0
DA:194,0
DA:195,0
DA:198,0
DA:199,0
DA:204,0
DA:209,0
DA:214,0
DA:220,0
DA:221,0
DA:232,0
DA:243,0
DA:244,0
DA:245,0
DA:247,0
DA:248,0
DA:249,0
DA:250,0
DA:251,0
DA:253,0
DA:254,0
DA:255,0
DA:257,0
DA:258,0
DA:259,0
DA:260,0
DA:261,0
DA:263,0
DA:264,0
DA:265,0
DA:267,0
DA:268,0
DA:269,0
DA:270,0
DA:272,0
DA:273,0
DA:274,0
DA:276,0
DA:277,0
DA:278,0
DA:279,0
DA:281,0
DA:284,0
DA:285,0
DA:290,0
DA:293,0
DA:295,0
DA:300,0
DA:301,0
DA:302,0
DA:304,0
DA:305,0
DA:306,0
DA:310,0
DA:311,0
DA:312,0
DA:313,0
DA:314,0
DA:315,0
DA:316,0
DA:317,0
DA:318,0
DA:319,0
DA:320,0
DA:321,0
DA:322,0
DA:323,0
DA:324,0
DA:327,0
DA:328,0
DA:329,0
DA:335,0
DA:336,0
DA:341,0
DA:350,0
DA:351,0
DA:356,0
DA:357,0
DA:367,0
DA:368,0
DA:369,0
DA:373,0
DA:375,0
DA:376,0
DA:380,0
DA:381,0
DA:382,0
DA:387,0
DA:388,0
DA:396,0
DA:398,0
DA:400,0
DA:401,0
DA:410,0
DA:411,0
DA:413,0
DA:417,0
DA:418,0
DA:423,0
DA:424,0
DA:425,0
DA:426,0
DA:429,0
DA:430,0
DA:431,0
DA:433,0
DA:436,0
DA:437,0
DA:438,0
DA:439,0
DA:440,0
DA:442,0
DA:444,0
DA:445,0
DA:449,0
DA:450,0
DA:451,0
DA:452,0
DA:454,0
DA:455,0
DA:456,0
DA:458,0
DA:459,0
DA:460,0
DA:464,0
DA:465,0
DA:466,0
DA:467,0
DA:468,0
DA:472,0
DA:480,0
DA:482,0
DA:500,0
DA:501,0
DA:505,0
DA:509,0
DA:510,0
DA:514,0
DA:520,0
DA:525,0
DA:526,0
DA:529,0
DA:530,0
DA:534,0
DA:535,0
DA:539,0
DA:541,0
DA:544,0
DA:545,0
DA:548,0
DA:551,0
DA:554,0
DA:558,0
DA:561,0
DA:562,0
DA:566,0
DA:567,0
DA:570,0
DA:572,0
DA:573,0
DA:574,0
DA:575,0
DA:578,0
DA:581,0
DA:584,0
DA:587,0
DA:588,0
DA:592,0
DA:593,0
DA:597,0
DA:598,0
DA:602,0
DA:603,0
DA:607,0
DA:608,0
DA:611,0
DA:614,0
DA:615,0
DA:621,0
DA:631,0
DA:632,0
DA:636,0
DA:639,0
DA:640,0
DA:643,0
DA:649,0
DA:650,0
DA:654,0
DA:656,0
DA:657,0
DA:658,0
DA:659,0
DA:660,0
DA:661,0
DA:663,0
DA:668,0
DA:670,0
DA:671,0
DA:672,0
DA:673,0
DA:674,0
DA:676,0
DA:678,0
DA:679,0
DA:682,0
DA:685,0
DA:687,0
DA:688,0
DA:691,0
DA:693,0
DA:696,0
DA:698,0
DA:700,0
DA:701,0
DA:704,0
DA:707,0
DA:709,0
DA:710,0
DA:713,0
DA:715,0
DA:719,0
DA:727,0
DA:728,0
DA:737,0
DA:738,0
DA:739,0
DA:740,0
DA:743,0
DA:744,0
DA:758,0
DA:760,0
DA:761,0
DA:763,0
DA:764,0
DA:766,0
DA:767,0
DA:768,0
DA:769,0
DA:771,0
DA:772,0
DA:773,0
DA:774,0
DA:776,0
DA:777,0
DA:779,0
DA:782,0
DA:784,0
DA:785,0
DA:787,0
DA:791,0
DA:800,0
DA:801,0
DA:802,0
DA:803,0
DA:804,0
DA:807,0
DA:808,0
DA:809,0
DA:812,0
DA:813,0
DA:814,0
DA:815,0
DA:817,0
DA:818,0
DA:820,0
DA:821,0
DA:823,0
DA:824,0
DA:826,0
DA:827,0
DA:831,0
DA:832,0
DA:834,0
DA:835,0
DA:838,0
DA:839,0
DA:840,0
DA:841,0
DA:845,0
DA:851,0
DA:852,0
DA:853,0
DA:854,0
DA:856,0
DA:857,0
DA:871,0
DA:873,0
DA:874,0
DA:875,0
DA:876,0
DA:878,0
DA:887,0
DA:889,0
DA:890,0
DA:891,0
DA:892,0
DA:895,0
DA:899,0
DA:901,0
DA:908,0
DA:909,0
DA:917,0
DA:924,0
DA:928,0
DA:929,0
DA:930,0
DA:931,0
DA:937,0
DA:938,0
DA:939,0
DA:940,0
DA:951,0
DA:952,0
DA:963,0
DA:973,0
DA:983,0
DA:984,0
DA:986,0
DA:987,0
DA:998,0
DA:999,0
DA:1012,0
DA:1024,0
DA:1033,0
DA:1043,0
DA:1046,0
DA:1057,0
DA:1060,0
DA:1063,0
DA:1072,0
DA:1073,0
DA:1074,0
DA:1076,0
DA:1079,0
DA:1088,0
DA:1091,0
DA:1173,1
DA:1217,1
LF:387
LH:5
BRDA:152,0,0,0
BRDA:152,0,1,0
BRDA:152,1,0,0
BRDA:152,1,1,0
BRDA:156,2,0,0
BRDA:156,2,1,0
BRDA:157,3,0,0
BRDA:157,3,1,0
BRDA:157,4,0,0
BRDA:157,4,1,0
BRDA:157,4,2,0
BRDA:157,4,3,0
BRDA:169,5,0,0
BRDA:169,5,1,0
BRDA:190,6,0,0
BRDA:190,6,1,0
BRDA:216,7,0,0
BRDA:216,7,1,0
BRDA:216,8,0,0
BRDA:216,8,1,0
BRDA:220,9,0,0
BRDA:220,9,1,0
BRDA:244,10,0,0
BRDA:244,10,1,0
BRDA:244,11,0,0
BRDA:244,11,1,0
BRDA:244,11,2,0
BRDA:254,12,0,0
BRDA:254,12,1,0
BRDA:254,13,0,0
BRDA:254,13,1,0
BRDA:254,13,2,0
BRDA:264,14,0,0
BRDA:264,14,1,0
BRDA:264,15,0,0
BRDA:264,15,1,0
BRDA:264,15,2,0
BRDA:273,16,0,0
BRDA:273,16,1,0
BRDA:273,17,0,0
BRDA:273,17,1,0
BRDA:273,17,2,0
BRDA:284,18,0,0
BRDA:284,18,1,0
BRDA:284,19,0,0
BRDA:284,19,1,0
BRDA:293,20,0,0
BRDA:293,20,1,0
BRDA:312,21,0,0
BRDA:312,21,1,0
BRDA:313,22,0,0
BRDA:313,22,1,0
BRDA:320,23,0,0
BRDA:320,23,1,0
BRDA:321,24,0,0
BRDA:321,24,1,0
BRDA:322,25,0,0
BRDA:322,25,1,0
BRDA:327,26,0,0
BRDA:327,26,1,0
BRDA:402,27,0,0
BRDA:402,27,1,0
BRDA:403,28,0,0
BRDA:403,28,1,0
BRDA:410,29,0,0
BRDA:410,29,1,0
BRDA:417,30,0,0
BRDA:417,30,1,0
BRDA:429,31,0,0
BRDA:429,31,1,0
BRDA:430,32,0,0
BRDA:430,32,1,0
BRDA:436,33,0,0
BRDA:436,33,1,0
BRDA:437,34,0,0
BRDA:437,34,1,0
BRDA:439,35,0,0
BRDA:439,35,1,0
BRDA:444,36,0,0
BRDA:444,36,1,0
BRDA:454,37,0,0
BRDA:454,37,1,0
BRDA:458,38,0,0
BRDA:458,38,1,0
BRDA:464,39,0,0
BRDA:464,39,1,0
BRDA:465,40,0,0
BRDA:465,40,1,0
BRDA:466,41,0,0
BRDA:466,41,1,0
BRDA:467,42,0,0
BRDA:467,42,1,0
BRDA:468,43,0,0
BRDA:468,43,1,0
BRDA:480,44,0,0
BRDA:480,44,1,0
BRDA:500,45,0,0
BRDA:500,45,1,0
BRDA:509,46,0,0
BRDA:509,46,1,0
BRDA:523,47,0,0
BRDA:525,48,0,0
BRDA:525,48,1,0
BRDA:529,49,0,0
BRDA:529,49,1,0
BRDA:534,50,0,0
BRDA:534,50,1,0
BRDA:534,51,0,0
BRDA:534,51,1,0
BRDA:534,51,2,0
BRDA:544,52,0,0
BRDA:544,52,1,0
BRDA:545,53,0,0
BRDA:545,53,1,0
BRDA:561,54,0,0
BRDA:561,54,1,0
BRDA:561,55,0,0
BRDA:561,55,1,0
BRDA:566,56,0,0
BRDA:566,56,1,0
BRDA:570,57,0,0
BRDA:570,57,1,0
BRDA:574,58,0,0
BRDA:574,58,1,0
BRDA:587,59,0,0
BRDA:587,59,1,0
BRDA:587,60,0,0
BRDA:587,60,1,0
BRDA:592,61,0,0
BRDA:592,61,1,0
BRDA:592,62,0,0
BRDA:592,62,1,0
BRDA:597,63,0,0
BRDA:597,63,1,0
BRDA:602,64,0,0
BRDA:602,64,1,0
BRDA:607,65,0,0
BRDA:607,65,1,0
BRDA:608,66,0,0
BRDA:608,66,1,0
BRDA:614,67,0,0
BRDA:614,67,1,0
BRDA:631,68,0,0
BRDA:631,68,1,0
BRDA:631,69,0,0
BRDA:631,69,1,0
BRDA:639,70,0,0
BRDA:639,70,1,0
BRDA:640,71,0,0
BRDA:640,71,1,0
BRDA:649,72,0,0
BRDA:649,72,1,0
BRDA:654,73,0,0
BRDA:654,73,1,0
BRDA:656,74,0,0
BRDA:656,74,1,0
BRDA:658,75,0,0
BRDA:658,75,1,0
BRDA:660,76,0,0
BRDA:660,76,1,0
BRDA:674,77,0,0
BRDA:674,77,1,0
BRDA:674,77,2,0
BRDA:678,78,0,0
BRDA:678,78,1,0
BRDA:687,79,0,0
BRDA:687,79,1,0
BRDA:696,80,0,0
BRDA:696,80,1,0
BRDA:696,80,2,0
BRDA:700,81,0,0
BRDA:700,81,1,0
BRDA:709,82,0,0
BRDA:709,82,1,0
BRDA:727,83,0,0
BRDA:727,83,1,0
BRDA:743,84,0,0
BRDA:743,84,1,0
BRDA:763,85,0,0
BRDA:763,85,1,0
BRDA:768,86,0,0
BRDA:768,86,1,0
BRDA:773,87,0,0
BRDA:773,87,1,0
BRDA:776,88,0,0
BRDA:776,88,1,0
BRDA:784,89,0,0
BRDA:784,89,1,0
BRDA:807,90,0,0
BRDA:807,90,1,0
BRDA:817,91,0,0
BRDA:817,91,1,0
BRDA:820,92,0,0
BRDA:820,92,1,0
BRDA:823,93,0,0
BRDA:823,93,1,0
BRDA:826,94,0,0
BRDA:826,94,1,0
BRDA:831,95,0,0
BRDA:831,95,1,0
BRDA:834,96,0,0
BRDA:834,96,1,0
BRDA:838,97,0,0
BRDA:838,97,1,0
BRDA:840,98,0,0
BRDA:840,98,1,0
BRDA:856,99,0,0
BRDA:856,99,1,0
BRDA:889,100,0,0
BRDA:889,100,1,0
BRDA:889,101,0,0
BRDA:889,101,1,0
BRDA:891,102,0,0
BRDA:891,102,1,0
BRDA:891,103,0,0
BRDA:891,103,1,0
BRDA:899,104,0,0
BRDA:899,104,1,0
BRDA:899,105,0,0
BRDA:899,105,1,0
BRDA:908,106,0,0
BRDA:908,106,1,0
BRDA:908,107,0,0
BRDA:908,107,1,0
BRDA:928,108,0,0
BRDA:928,108,1,0
BRDA:930,109,0,0
BRDA:930,109,1,0
BRDA:939,110,0,0
BRDA:939,110,1,0
BRDA:951,111,0,0
BRDA:951,111,1,0
BRDA:986,112,0,0
BRDA:986,112,1,0
BRDA:998,113,0,0
BRDA:998,113,1,0
BRDA:1052,114,0,0
BRDA:1052,114,1,0
BRDA:1053,115,0,0
BRDA:1053,115,1,0
BRDA:1054,116,0,0
BRDA:1054,116,1,0
BRDA:1073,117,0,0
BRDA:1073,117,1,0
BRDA:1085,118,0,0
BRDA:1085,118,1,0
BRF:246
BRH:0
end_of_record
TN:
SF:src\components\ReactDragResize\style.js
FNF:0
FNH:0
DA:3,1
LF:1
LH:1
BRF:0
BRH:0
end_of_record
TN:
SF:src\components\ReactDragResize\hooks\useConflictCheck.js
FN:4,(anonymous_0)
FN:5,(anonymous_1)
FN:10,formatPostionVal
FN:16,(anonymous_3)
FNF:4
FNH:0
FNDA:0,(anonymous_0)
FNDA:0,(anonymous_1)
FNDA:0,formatPostionVal
FNDA:0,(anonymous_3)
DA:4,1
DA:5,0
DA:7,0
DA:11,0
DA:12,0
DA:13,0
DA:16,0
DA:17,0
DA:18,0
DA:19,0
DA:20,0
DA:21,0
DA:27,0
DA:28,0
DA:29,0
DA:30,0
DA:34,0
DA:38,0
DA:42,0
DA:46,0
DA:50,0
DA:54,0
DA:58,0
DA:59,0
DA:61,0
DA:64,0
DA:66,0
DA:69,0
LF:28
LH:1
BRDA:12,0,0,0
BRDA:12,0,1,0
BRDA:17,1,0,0
BRDA:17,1,1,0
BRDA:21,2,0,0
BRDA:21,2,1,0
BRDA:22,3,0,0
BRDA:22,3,1,0
BRDA:22,3,2,0
BRDA:22,3,3,0
BRDA:34,4,0,0
BRDA:34,4,1,0
BRDA:34,4,2,0
BRDA:34,4,3,0
BRDA:34,4,4,0
BRDA:34,4,5,0
BRDA:34,4,6,0
BRDA:34,4,7,0
BRDA:38,5,0,0
BRDA:38,5,1,0
BRDA:38,5,2,0
BRDA:38,5,3,0
BRDA:38,5,4,0
BRDA:38,5,5,0
BRDA:38,5,6,0
BRDA:38,5,7,0
BRDA:42,6,0,0
BRDA:42,6,1,0
BRDA:42,6,2,0
BRDA:42,6,3,0
BRDA:42,6,4,0
BRDA:42,6,5,0
BRDA:42,6,6,0
BRDA:42,6,7,0
BRDA:46,7,0,0
BRDA:46,7,1,0
BRDA:46,7,2,0
BRDA:46,7,3,0
BRDA:46,7,4,0
BRDA:46,7,5,0
BRDA:46,7,6,0
BRDA:46,7,7,0
BRDA:50,8,0,0
BRDA:50,8,1,0
BRDA:50,8,2,0
BRDA:50,8,3,0
BRDA:50,8,4,0
BRDA:50,8,5,0
BRDA:50,8,6,0
BRDA:50,8,7,0
BRDA:54,9,0,0
BRDA:54,9,1,0
BRDA:54,9,2,0
BRDA:54,9,3,0
BRDA:54,9,4,0
BRDA:54,9,5,0
BRDA:54,9,6,0
BRDA:54,9,7,0
BRDA:58,10,0,0
BRDA:58,10,1,0
BRDA:58,11,0,0
BRDA:58,11,1,0
BRDA:58,11,2,0
BRDA:58,11,3,0
BRDA:58,11,4,0
BRDA:58,11,5,0
BRF:66
BRH:0
end_of_record
TN:
SF:src\components\ReactDragResize\hooks\useHistorySteps.js
FN:4,(anonymous_0)
FN:12,(anonymous_1)
FN:31,(anonymous_2)
FN:36,(anonymous_3)
FNF:4
FNH:0
FNDA:0,(anonymous_0)
FNDA:0,(anonymous_1)
FNDA:0,(anonymous_2)
FNDA:0,(anonymous_3)
DA:4,1
DA:6,0
DA:9,0
DA:12,0
DA:14,0
DA:15,0
DA:16,0
DA:17,0
DA:19,0
DA:20,0
DA:22,0
DA:25,0
DA:29,0
DA:31,0
DA:32,0
DA:36,0
DA:37,0
DA:39,0
DA:42,0
DA:43,0
DA:45,0
DA:48,0
DA:51,0
LF:23
LH:1
BRDA:14,0,0,0
BRDA:14,0,1,0
BRDA:19,1,0,0
BRDA:19,1,1,0
BRDA:20,2,0,0
BRDA:20,2,1,0
BRDA:37,3,0,0
BRDA:37,3,1,0
BRDA:43,4,0,0
BRDA:43,4,1,0
BRF:10
BRH:0
end_of_record
TN:
SF:src\components\ReactDragResizeGroup\ReactDragResizeGroup.jsx
FN:8,(anonymous_0)
FN:15,(anonymous_1)
FN:32,(anonymous_2)
FN:73,(anonymous_3)
FN:76,(anonymous_4)
FN:79,(anonymous_5)
FN:89,(anonymous_6)
FNF:7
FNH:0
FNDA:0,(anonymous_0)
FNDA:0,(anonymous_1)
FNDA:0,(anonymous_2)
FNDA:0,(anonymous_3)
FNDA:0,(anonymous_4)
FNDA:0,(anonymous_5)
FNDA:0,(anonymous_6)
DA:5,1
DA:8,1
DA:10,0
DA:15,0
DA:16,0
DA:17,0
DA:18,0
DA:19,0
DA:20,0
DA:21,0
DA:22,0
DA:28,0
DA:33,0
DA:34,0
DA:35,0
DA:36,0
DA:37,0
DA:39,0
DA:41,0
DA:43,0
DA:45,0
DA:46,0
DA:47,0
DA:58,0
DA:64,0
DA:70,0
DA:74,0
DA:77,0
DA:80,0
DA:81,0
DA:82,0
DA:83,0
DA:90,0
DA:91,0
DA:92,0
DA:105,1
DA:114,1
LF:37
LH:4
BRDA:16,0,0,0
BRDA:16,0,1,0
BRDA:20,1,0,0
BRDA:20,1,1,0
BRDA:37,2,0,0
BRDA:37,2,1,0
BRDA:37,3,0,0
BRDA:37,3,1,0
BRDA:41,4,0,0
BRDA:41,4,1,0
BRDA:45,5,0,0
BRDA:45,5,1,0
BRDA:80,6,0,0
BRDA:80,6,1,0
BRDA:99,7,0,0
BRDA:99,7,1,0
BRF:16
BRH:0
end_of_record
TN:
SF:src\components\hooks\usekeyDirection.js
FN:5,(anonymous_0)
FN:8,(anonymous_1)
FN:53,(anonymous_2)
FN:90,(anonymous_3)
FN:96,(anonymous_4)
FNF:5
FNH:0
FNDA:0,(anonymous_0)
FNDA:0,(anonymous_1)
FNDA:0,(anonymous_2)
FNDA:0,(anonymous_3)
FNDA:0,(anonymous_4)
DA:5,1
DA:8,0
DA:10,0
DA:11,0
DA:12,0
DA:13,0
DA:15,0
DA:16,0
DA:17,0
DA:19,0
DA:20,0
DA:22,0
DA:23,0
DA:24,0
DA:26,0
DA:27,0
DA:29,0
DA:30,0
DA:31,0
DA:33,0
DA:34,0
DA:36,0
DA:37,0
DA:38,0
DA:40,0
DA:41,0
DA:44,0
DA:53,0
DA:55,0
DA:56,0
DA:57,0
DA:59,0
DA:60,0
DA:62,0
DA:63,0
DA:64,0
DA:65,0
DA:67,0
DA:68,0
DA:69,0
DA:70,0
DA:71,0
DA:72,0
DA:73,0
DA:74,0
DA:75,0
DA:76,0
DA:77,0
DA:78,0
DA:80,0
DA:81,0
DA:90,0
DA:92,0
DA:93,0
DA:95,0
DA:96,0
DA:97,0
LF:57
LH:1
BRDA:15,0,0,0
BRDA:15,0,1,0
BRDA:16,1,0,0
BRDA:16,1,1,0
BRDA:22,2,0,0
BRDA:22,2,1,0
BRDA:23,3,0,0
BRDA:23,3,1,0
BRDA:29,4,0,0
BRDA:29,4,1,0
BRDA:30,5,0,0
BRDA:30,5,1,0
BRDA:36,6,0,0
BRDA:36,6,1,0
BRDA:37,7,0,0
BRDA:37,7,1,0
BRDA:55,8,0,0
BRDA:55,8,1,0
BRDA:55,8,2,0
BRDA:56,9,0,0
BRDA:56,9,1,0
BRDA:64,10,0,0
BRDA:64,10,1,0
BRDA:67,11,0,0
BRDA:67,11,1,0
BRDA:70,12,0,0
BRDA:70,12,1,0
BRDA:73,13,0,0
BRDA:73,13,1,0
BRDA:76,14,0,0
BRDA:76,14,1,0
BRDA:80,15,0,0
BRDA:80,15,1,0
BRDA:92,16,0,0
BRDA:92,16,1,0
BRF:35
BRH:0
end_of_record
TN:
SF:src\hooks\useSyncState.js
FN:4,(anonymous_0)
FN:15,(anonymous_1)
FNF:2
FNH:0
FNDA:0,(anonymous_0)
FNDA:0,(anonymous_1)
DA:4,1
DA:6,0
DA:7,0
DA:8,0
DA:9,0
DA:10,0
DA:11,0
DA:12,0
DA:15,0
DA:16,0
DA:17,0
DA:19,0
DA:21,0
LF:13
LH:1
BRDA:4,0,0,0
BRDA:9,1,0,0
BRDA:9,1,1,0
BRDA:16,2,0,0
BRDA:16,2,1,0
BRF:5
BRH:0
end_of_record
TN:
SF:src\hooks\useWatch.js
FN:4,(anonymous_0)
FN:7,(anonymous_1)
FNF:2
FNH:0
FNDA:0,(anonymous_0)
FNDA:0,(anonymous_1)
DA:4,1
DA:5,0
DA:6,0
DA:7,0
DA:8,0
DA:9,0
DA:11,0
DA:14,0
DA:15,0
DA:19,0
LF:10
LH:1
BRDA:4,0,0,0
BRDA:8,1,0,0
BRDA:8,1,1,0
BRDA:14,2,0,0
BRDA:14,2,1,0
BRF:5
BRH:0
end_of_record
